This is pdfTeX, Version 3.14159265-2.6-1.40.20 (TeX Live 2019/Debian) (preloaded format=pdflatex 2020.10.8)  24 MAY 2021 22:24
entering extended mode
 restricted \write18 enabled.
 %&-line parsing enabled.
**02-statistical-learning.tex
(./02-statistical-learning.tex
LaTeX2e <2020-02-02> patch level 2
L3 programming layer <2020-02-14> (/usr/share/texlive/texmf-dist/tex/latex/base
/article.cls
Document Class: article 2019/12/20 v1.4l Standard LaTeX document class
(/usr/share/texlive/texmf-dist/tex/latex/base/size10.clo
File: size10.clo 2019/12/20 v1.4l Standard LaTeX file (size option)
)
\c@part=\count167
\c@section=\count168
\c@subsection=\count169
\c@subsubsection=\count170
\c@paragraph=\count171
\c@subparagraph=\count172
\c@figure=\count173
\c@table=\count174
\abovecaptionskip=\skip47
\belowcaptionskip=\skip48
\bibindent=\dimen134
) (/usr/share/texlive/texmf-dist/tex/latex/amsmath/amsmath.sty
Package: amsmath 2020/01/20 v2.17e AMS math features
\@mathmargin=\skip49
For additional information on amsmath, use the `?' option.
(/usr/share/texlive/texmf-dist/tex/latex/amsmath/amstext.sty
Package: amstext 2000/06/29 v2.01 AMS text
(/usr/share/texlive/texmf-dist/tex/latex/amsmath/amsgen.sty
File: amsgen.sty 1999/11/30 v2.0 generic functions
\@emptytoks=\toks14
\ex@=\dimen135
)) (/usr/share/texlive/texmf-dist/tex/latex/amsmath/amsbsy.sty
Package: amsbsy 1999/11/29 v1.2d Bold Symbols
\pmbraise@=\dimen136
) (/usr/share/texlive/texmf-dist/tex/latex/amsmath/amsopn.sty
Package: amsopn 2016/03/08 v2.02 operator names
)
\inf@bad=\count175
LaTeX Info: Redefining \frac on input line 227.
\uproot@=\count176
\leftroot@=\count177
LaTeX Info: Redefining \overline on input line 389.
\classnum@=\count178
\DOTSCASE@=\count179
LaTeX Info: Redefining \ldots on input line 486.
LaTeX Info: Redefining \dots on input line 489.
LaTeX Info: Redefining \cdots on input line 610.
\Mathstrutbox@=\box45
\strutbox@=\box46
\big@size=\dimen137
LaTeX Font Info:    Redeclaring font encoding OML on input line 733.
LaTeX Font Info:    Redeclaring font encoding OMS on input line 734.
\macc@depth=\count180
\c@MaxMatrixCols=\count181
\dotsspace@=\muskip16
\c@parentequation=\count182
\dspbrk@lvl=\count183
\tag@help=\toks15
\row@=\count184
\column@=\count185
\maxfields@=\count186
\andhelp@=\toks16
\eqnshift@=\dimen138
\alignsep@=\dimen139
\tagshift@=\dimen140
\tagwidth@=\dimen141
\totwidth@=\dimen142
\lineht@=\dimen143
\@envbody=\toks17
\multlinegap=\skip50
\multlinetaggap=\skip51
\mathdisplay@stack=\toks18
LaTeX Info: Redefining \[ on input line 2859.
LaTeX Info: Redefining \] on input line 2860.
) (/usr/share/texlive/texmf-dist/tex/latex/amsfonts/amssymb.sty
Package: amssymb 2013/01/14 v3.01 AMS font symbols
(/usr/share/texlive/texmf-dist/tex/latex/amsfonts/amsfonts.sty
Package: amsfonts 2013/01/14 v3.01 Basic AMSFonts support
\symAMSa=\mathgroup4
\symAMSb=\mathgroup5
LaTeX Font Info:    Redeclaring math symbol \hbar on input line 98.
LaTeX Font Info:    Overwriting math alphabet `\mathfrak' in version `bold'
(Font)                  U/euf/m/n --> U/euf/b/n on input line 106.
)) (/usr/share/texmf/tex/latex/lm/lmodern.sty
Package: lmodern 2009/10/30 v1.6 Latin Modern Fonts
LaTeX Font Info:    Overwriting symbol font `operators' in version `normal'
(Font)                  OT1/cmr/m/n --> OT1/lmr/m/n on input line 22.
LaTeX Font Info:    Overwriting symbol font `letters' in version `normal'
(Font)                  OML/cmm/m/it --> OML/lmm/m/it on input line 23.
LaTeX Font Info:    Overwriting symbol font `symbols' in version `normal'
(Font)                  OMS/cmsy/m/n --> OMS/lmsy/m/n on input line 24.
LaTeX Font Info:    Overwriting symbol font `largesymbols' in version `normal'
(Font)                  OMX/cmex/m/n --> OMX/lmex/m/n on input line 25.
LaTeX Font Info:    Overwriting symbol font `operators' in version `bold'
(Font)                  OT1/cmr/bx/n --> OT1/lmr/bx/n on input line 26.
LaTeX Font Info:    Overwriting symbol font `letters' in version `bold'
(Font)                  OML/cmm/b/it --> OML/lmm/b/it on input line 27.
LaTeX Font Info:    Overwriting symbol font `symbols' in version `bold'
(Font)                  OMS/cmsy/b/n --> OMS/lmsy/b/n on input line 28.
LaTeX Font Info:    Overwriting symbol font `largesymbols' in version `bold'
(Font)                  OMX/cmex/m/n --> OMX/lmex/m/n on input line 29.
LaTeX Font Info:    Overwriting math alphabet `\mathbf' in version `normal'
(Font)                  OT1/cmr/bx/n --> OT1/lmr/bx/n on input line 31.
LaTeX Font Info:    Overwriting math alphabet `\mathsf' in version `normal'
(Font)                  OT1/cmss/m/n --> OT1/lmss/m/n on input line 32.
LaTeX Font Info:    Overwriting math alphabet `\mathit' in version `normal'
(Font)                  OT1/cmr/m/it --> OT1/lmr/m/it on input line 33.
LaTeX Font Info:    Overwriting math alphabet `\mathtt' in version `normal'
(Font)                  OT1/cmtt/m/n --> OT1/lmtt/m/n on input line 34.
LaTeX Font Info:    Overwriting math alphabet `\mathbf' in version `bold'
(Font)                  OT1/cmr/bx/n --> OT1/lmr/bx/n on input line 35.
LaTeX Font Info:    Overwriting math alphabet `\mathsf' in version `bold'
(Font)                  OT1/cmss/bx/n --> OT1/lmss/bx/n on input line 36.
LaTeX Font Info:    Overwriting math alphabet `\mathit' in version `bold'
(Font)                  OT1/cmr/bx/it --> OT1/lmr/bx/it on input line 37.
LaTeX Font Info:    Overwriting math alphabet `\mathtt' in version `bold'
(Font)                  OT1/cmtt/m/n --> OT1/lmtt/m/n on input line 38.
) (/usr/share/texlive/texmf-dist/tex/generic/iftex/ifxetex.sty
Package: ifxetex 2019/10/25 v0.7 ifxetex legacy package. Use iftex instead.
(/usr/share/texlive/texmf-dist/tex/generic/iftex/iftex.sty
Package: iftex 2019/11/07 v1.0c TeX engine tests
)) (/usr/share/texlive/texmf-dist/tex/generic/iftex/ifluatex.sty
Package: ifluatex 2019/10/25 v1.5 ifluatex legacy package. Use iftex instead.
) (/usr/share/texlive/texmf-dist/tex/latex/base/fontenc.sty
Package: fontenc 2020/02/11 v2.0o Standard LaTeX package
LaTeX Font Info:    Trying to load font information for T1+lmr on input line 11
2.
(/usr/share/texmf/tex/latex/lm/t1lmr.fd
File: t1lmr.fd 2009/10/30 v1.6 Font defs for Latin Modern
)) (/usr/share/texlive/texmf-dist/tex/latex/base/inputenc.sty
Package: inputenc 2018/08/11 v1.3c Input encoding file
\inpenc@prehook=\toks19
\inpenc@posthook=\toks20
) (/usr/share/texlive/texmf-dist/tex/latex/base/textcomp.sty
Package: textcomp 2020/02/02 v2.0n Standard LaTeX package
) (/usr/share/texlive/texmf-dist/tex/latex/upquote/upquote.sty
Package: upquote 2012/04/19 v1.3 upright-quote and grave-accent glyphs in verba
tim
) (/usr/share/texlive/texmf-dist/tex/latex/microtype/microtype.sty
Package: microtype 2019/11/18 v2.7d Micro-typographical refinements (RS)
(/usr/share/texlive/texmf-dist/tex/latex/graphics/keyval.sty
Package: keyval 2014/10/28 v1.15 key=value parser (DPC)
\KV@toks@=\toks21
)
\MT@toks=\toks22
\MT@count=\count187
LaTeX Info: Redefining \textls on input line 790.
\MT@outer@kern=\dimen144
LaTeX Info: Redefining \textmicrotypecontext on input line 1354.
\MT@listname@count=\count188
(/usr/share/texlive/texmf-dist/tex/latex/microtype/microtype-pdftex.def
File: microtype-pdftex.def 2019/11/18 v2.7d Definitions specific to pdftex (RS)

LaTeX Info: Redefining \lsstyle on input line 914.
LaTeX Info: Redefining \lslig on input line 914.
\MT@outer@space=\skip52
)
Package microtype Info: Loading configuration file microtype.cfg.
(/usr/share/texlive/texmf-dist/tex/latex/microtype/microtype.cfg
File: microtype.cfg 2019/11/18 v2.7d microtype main configuration file (RS)
)) (/usr/share/texlive/texmf-dist/tex/latex/parskip/parskip.sty
Package: parskip 2020-01-22 v2.0d non-zero parskip adjustments
(/usr/share/texlive/texmf-dist/tex/latex/kvoptions/kvoptions.sty
Package: kvoptions 2019/11/29 v3.13 Key value format for package options (HO)
(/usr/share/texlive/texmf-dist/tex/generic/ltxcmds/ltxcmds.sty
Package: ltxcmds 2019/12/15 v1.24 LaTeX kernel commands for general use (HO)
) (/usr/share/texlive/texmf-dist/tex/generic/kvsetkeys/kvsetkeys.sty
Package: kvsetkeys 2019/12/15 v1.18 Key value parser (HO)
)) (/usr/share/texlive/texmf-dist/tex/latex/etoolbox/etoolbox.sty
Package: etoolbox 2019/09/21 v2.5h e-TeX tools for LaTeX (JAW)
\etb@tempcnta=\count189
)) (/usr/share/texlive/texmf-dist/tex/latex/xcolor/xcolor.sty
Package: xcolor 2016/05/11 v2.12 LaTeX color extensions (UK)
(/usr/share/texlive/texmf-dist/tex/latex/graphics-cfg/color.cfg
File: color.cfg 2016/01/02 v1.6 sample color configuration
)
Package xcolor Info: Driver file: pdftex.def on input line 225.
(/usr/share/texlive/texmf-dist/tex/latex/graphics-def/pdftex.def
File: pdftex.def 2018/01/08 v1.0l Graphics/color driver for pdftex
)
Package xcolor Info: Model `cmy' substituted by `cmy0' on input line 1348.
Package xcolor Info: Model `hsb' substituted by `rgb' on input line 1352.
Package xcolor Info: Model `RGB' extended on input line 1364.
Package xcolor Info: Model `HTML' substituted by `rgb' on input line 1366.
Package xcolor Info: Model `Hsb' substituted by `hsb' on input line 1367.
Package xcolor Info: Model `tHsb' substituted by `hsb' on input line 1368.
Package xcolor Info: Model `HSB' substituted by `hsb' on input line 1369.
Package xcolor Info: Model `Gray' substituted by `gray' on input line 1370.
Package xcolor Info: Model `wave' substituted by `hsb' on input line 1371.
) (/usr/share/texlive/texmf-dist/tex/latex/xurl/xurl.sty
Package: xurl 2020/01/24 v 0.09 modify URL breaks
(/usr/share/texlive/texmf-dist/tex/latex/url/url.sty
\Urlmuskip=\muskip17
Package: url 2013/09/16  ver 3.4  Verb mode for urls, etc.
)) (/usr/share/texlive/texmf-dist/tex/latex/bookmark/bookmark.sty
Package: bookmark 2019/12/03 v1.28 PDF bookmarks (HO)
(/usr/share/texlive/texmf-dist/tex/latex/hyperref/hyperref.sty
Package: hyperref 2020/01/14 v7.00d Hypertext links for LaTeX
(/usr/share/texlive/texmf-dist/tex/latex/pdftexcmds/pdftexcmds.sty
Package: pdftexcmds 2019/11/24 v0.31 Utility functions of pdfTeX for LuaTeX (HO
)
(/usr/share/texlive/texmf-dist/tex/generic/infwarerr/infwarerr.sty
Package: infwarerr 2019/12/03 v1.5 Providing info/warning/error messages (HO)
)
Package pdftexcmds Info: \pdf@primitive is available.
Package pdftexcmds Info: \pdf@ifprimitive is available.
Package pdftexcmds Info: \pdfdraftmode found.
) (/usr/share/texlive/texmf-dist/tex/generic/kvdefinekeys/kvdefinekeys.sty
Package: kvdefinekeys 2019-12-19 v1.6 Define keys (HO)
) (/usr/share/texlive/texmf-dist/tex/generic/pdfescape/pdfescape.sty
Package: pdfescape 2019/12/09 v1.15 Implements pdfTeX's escape features (HO)
) (/usr/share/texlive/texmf-dist/tex/latex/hycolor/hycolor.sty
Package: hycolor 2020-01-27 v1.10 Color options for hyperref/bookmark (HO)
) (/usr/share/texlive/texmf-dist/tex/latex/letltxmacro/letltxmacro.sty
Package: letltxmacro 2019/12/03 v1.6 Let assignment for LaTeX macros (HO)
) (/usr/share/texlive/texmf-dist/tex/latex/auxhook/auxhook.sty
Package: auxhook 2019-12-17 v1.6 Hooks for auxiliary files (HO)
)
\@linkdim=\dimen145
\Hy@linkcounter=\count190
\Hy@pagecounter=\count191
(/usr/share/texlive/texmf-dist/tex/latex/hyperref/pd1enc.def
File: pd1enc.def 2020/01/14 v7.00d Hyperref: PDFDocEncoding definition (HO)
Now handling font encoding PD1 ...
... no UTF-8 mapping file for font encoding PD1
) (/usr/share/texlive/texmf-dist/tex/generic/intcalc/intcalc.sty
Package: intcalc 2019/12/15 v1.3 Expandable calculations with integers (HO)
) (/usr/share/texlive/texmf-dist/tex/generic/etexcmds/etexcmds.sty
Package: etexcmds 2019/12/15 v1.7 Avoid name clashes with e-TeX commands (HO)
)
\Hy@SavedSpaceFactor=\count192
\pdfmajorversion=\count193
Package hyperref Info: Option `unicode' set `true' on input line 4421.
(/usr/share/texlive/texmf-dist/tex/latex/hyperref/puenc.def
File: puenc.def 2020/01/14 v7.00d Hyperref: PDF Unicode definition (HO)
Now handling font encoding PU ...
... no UTF-8 mapping file for font encoding PU
)
Package hyperref Info: Hyper figures OFF on input line 4547.
Package hyperref Info: Link nesting OFF on input line 4552.
Package hyperref Info: Hyper index ON on input line 4555.
Package hyperref Info: Plain pages OFF on input line 4562.
Package hyperref Info: Backreferencing OFF on input line 4567.
Package hyperref Info: Implicit mode ON; LaTeX internals redefined.
Package hyperref Info: Bookmarks ON on input line 4800.
\c@Hy@tempcnt=\count194
LaTeX Info: Redefining \url on input line 5159.
\XeTeXLinkMargin=\dimen146
(/usr/share/texlive/texmf-dist/tex/generic/bitset/bitset.sty
Package: bitset 2019/12/09 v1.3 Handle bit-vector datatype (HO)
(/usr/share/texlive/texmf-dist/tex/generic/bigintcalc/bigintcalc.sty
Package: bigintcalc 2019/12/15 v1.5 Expandable calculations on big integers (HO
)
))
\Fld@menulength=\count195
\Field@Width=\dimen147
\Fld@charsize=\dimen148
Package hyperref Info: Hyper figures OFF on input line 6430.
Package hyperref Info: Link nesting OFF on input line 6435.
Package hyperref Info: Hyper index ON on input line 6438.
Package hyperref Info: backreferencing OFF on input line 6445.
Package hyperref Info: Link coloring OFF on input line 6450.
Package hyperref Info: Link coloring with OCG OFF on input line 6455.
Package hyperref Info: PDF/A mode OFF on input line 6460.
LaTeX Info: Redefining \ref on input line 6500.
LaTeX Info: Redefining \pageref on input line 6504.
(/usr/share/texlive/texmf-dist/tex/generic/atbegshi/atbegshi.sty
Package: atbegshi 2019/12/05 v1.19 At begin shipout hook (HO)
)
\Hy@abspage=\count196
\c@Item=\count197
\c@Hfootnote=\count198
)
Package hyperref Info: Driver (autodetected): hpdftex.
(/usr/share/texlive/texmf-dist/tex/latex/hyperref/hpdftex.def
File: hpdftex.def 2020/01/14 v7.00d Hyperref driver for pdfTeX
(/usr/share/texlive/texmf-dist/tex/latex/atveryend/atveryend.sty
Package: atveryend 2019-12-11 v1.11 Hooks at the very end of document (HO)
)
\Fld@listcount=\count199
\c@bookmark@seq@number=\count266
(/usr/share/texlive/texmf-dist/tex/latex/rerunfilecheck/rerunfilecheck.sty
Package: rerunfilecheck 2019/12/05 v1.9 Rerun checks for auxiliary files (HO)
(/usr/share/texlive/texmf-dist/tex/generic/uniquecounter/uniquecounter.sty
Package: uniquecounter 2019/12/15 v1.4 Provide unlimited unique counter (HO)
)
Package uniquecounter Info: New unique counter `rerunfilecheck' on input line 2
86.
)
\Hy@SectionHShift=\skip53
) (/usr/share/texlive/texmf-dist/tex/latex/bookmark/bkm-pdftex.def
File: bkm-pdftex.def 2019/12/03 v1.28 bookmark driver for pdfTeX (HO)
\BKM@id=\count267
)) (/usr/share/texlive/texmf-dist/tex/latex/geometry/geometry.sty
Package: geometry 2020/01/02 v5.9 Page Geometry
(/usr/share/texlive/texmf-dist/tex/generic/iftex/ifvtex.sty
Package: ifvtex 2019/10/25 v1.7 ifvtex legacy package. Use iftex instead.
)
\Gm@cnth=\count268
\Gm@cntv=\count269
\c@Gm@tempcnt=\count270
\Gm@bindingoffset=\dimen149
\Gm@wd@mp=\dimen150
\Gm@odd@mp=\dimen151
\Gm@even@mp=\dimen152
\Gm@layoutwidth=\dimen153
\Gm@layoutheight=\dimen154
\Gm@layouthoffset=\dimen155
\Gm@layoutvoffset=\dimen156
\Gm@dimlist=\toks23
) (/usr/share/texlive/texmf-dist/tex/latex/tools/longtable.sty
Package: longtable 2020/01/07 v4.13 Multi-page Table package (DPC)
\LTleft=\skip54
\LTright=\skip55
\LTpre=\skip56
\LTpost=\skip57
\LTchunksize=\count271
\LTcapwidth=\dimen157
\LT@head=\box47
\LT@firsthead=\box48
\LT@foot=\box49
\LT@lastfoot=\box50
\LT@cols=\count272
\LT@rows=\count273
\c@LT@tables=\count274
\c@LT@chunks=\count275
\LT@p@ftn=\toks24
) (/usr/share/texlive/texmf-dist/tex/latex/booktabs/booktabs.sty
Package: booktabs 2020/01/12 v1.61803398 Publication quality tables
\heavyrulewidth=\dimen158
\lightrulewidth=\dimen159
\cmidrulewidth=\dimen160
\belowrulesep=\dimen161
\belowbottomsep=\dimen162
\aboverulesep=\dimen163
\abovetopsep=\dimen164
\cmidrulesep=\dimen165
\cmidrulekern=\dimen166
\defaultaddspace=\dimen167
\@cmidla=\count276
\@cmidlb=\count277
\@aboverulesep=\dimen168
\@belowrulesep=\dimen169
\@thisruleclass=\count278
\@lastruleclass=\count279
\@thisrulewidth=\dimen170
) (/usr/share/texlive/texmf-dist/tex/latex/tools/array.sty
Package: array 2019/08/31 v2.4l Tabular extension package (FMi)
\col@sep=\dimen171
\ar@mcellbox=\box51
\extrarowheight=\dimen172
\NC@list=\toks25
\extratabsurround=\skip58
\backup@length=\skip59
\ar@cellbox=\box52
) (/usr/share/texlive/texmf-dist/tex/latex/tools/calc.sty
Package: calc 2017/05/25 v4.3 Infix arithmetic (KKT,FJ)
\calc@Acount=\count280
\calc@Bcount=\count281
\calc@Adimen=\dimen173
\calc@Bdimen=\dimen174
\calc@Askip=\skip60
\calc@Bskip=\skip61
LaTeX Info: Redefining \setlength on input line 80.
LaTeX Info: Redefining \addtolength on input line 81.
\calc@Ccount=\count282
\calc@Cskip=\skip62
) (/usr/share/texlive/texmf-dist/tex/latex/footnotehyper/footnotehyper.sty
Package: footnotehyper 2019/11/07 v1.1a hyperref aware footnote.sty (JFB)
\FNH@notes=\box53
\FNH@width=\dimen175
) (/usr/share/texlive/texmf-dist/tex/latex/graphics/graphicx.sty
Package: graphicx 2019/11/30 v1.2a Enhanced LaTeX Graphics (DPC,SPQR)
(/usr/share/texlive/texmf-dist/tex/latex/graphics/graphics.sty
Package: graphics 2019/11/30 v1.4a Standard LaTeX Graphics (DPC,SPQR)
(/usr/share/texlive/texmf-dist/tex/latex/graphics/trig.sty
Package: trig 2016/01/03 v1.10 sin cos tan (DPC)
) (/usr/share/texlive/texmf-dist/tex/latex/graphics-cfg/graphics.cfg
File: graphics.cfg 2016/06/04 v1.11 sample graphics configuration
)
Package graphics Info: Driver file: pdftex.def on input line 105.
)
\Gin@req@height=\dimen176
\Gin@req@width=\dimen177
) (/usr/share/texlive/texmf-dist/tex/latex/l3backend/l3backend-pdfmode.def
File: l3backend-pdfmode.def 2020-02-03 L3 backend support: PDF mode
\l__kernel_color_stack_int=\count283
\l__pdf_internal_box=\box54
) (./02-statistical-learning.aux)
\openout1 = `02-statistical-learning.aux'.

LaTeX Font Info:    Checking defaults for OML/cmm/m/it on input line 77.
LaTeX Font Info:    ... okay on input line 77.
LaTeX Font Info:    Checking defaults for OMS/cmsy/m/n on input line 77.
LaTeX Font Info:    ... okay on input line 77.
LaTeX Font Info:    Checking defaults for OT1/cmr/m/n on input line 77.
LaTeX Font Info:    ... okay on input line 77.
LaTeX Font Info:    Checking defaults for T1/cmr/m/n on input line 77.
LaTeX Font Info:    ... okay on input line 77.
LaTeX Font Info:    Checking defaults for TS1/cmr/m/n on input line 77.
LaTeX Font Info:    ... okay on input line 77.
LaTeX Font Info:    Checking defaults for OMX/cmex/m/n on input line 77.
LaTeX Font Info:    ... okay on input line 77.
LaTeX Font Info:    Checking defaults for U/cmr/m/n on input line 77.
LaTeX Font Info:    ... okay on input line 77.
LaTeX Font Info:    Checking defaults for PD1/pdf/m/n on input line 77.
LaTeX Font Info:    ... okay on input line 77.
LaTeX Font Info:    Checking defaults for PU/pdf/m/n on input line 77.
LaTeX Font Info:    ... okay on input line 77.
LaTeX Info: Redefining \microtypecontext on input line 77.
Package microtype Info: Generating PDF output.
Package microtype Info: Character protrusion enabled (level 2).
Package microtype Info: Using protrusion set `basicmath'.
Package microtype Info: Automatic font expansion enabled (level 2),
(microtype)             stretch: 20, shrink: 20, step: 1, non-selected.
Package microtype Info: Using default expansion set `basictext'.
LaTeX Info: Redefining \showhyphens on input line 77.
Package microtype Info: No adjustment of tracking.
Package microtype Info: No adjustment of interword spacing.
Package microtype Info: No adjustment of character kerning.
(/usr/share/texlive/texmf-dist/tex/latex/microtype/mt-cmr.cfg
File: mt-cmr.cfg 2013/05/19 v2.2 microtype config. file: Computer Modern Roman 
(RS)
) (/usr/share/texlive/texmf-dist/tex/context/base/mkii/supp-pdf.mkii
[Loading MPS to PDF converter (version 2006.09.02).]
\scratchcounter=\count284
\scratchdimen=\dimen178
\scratchbox=\box55
\nofMPsegments=\count285
\nofMParguments=\count286
\everyMPshowfont=\toks26
\MPscratchCnt=\count287
\MPscratchDim=\dimen179
\MPnumerator=\count288
\makeMPintoPDFobject=\count289
\everyMPtoPDFconversion=\toks27
) (/usr/share/texlive/texmf-dist/tex/latex/epstopdf-pkg/epstopdf-base.sty
Package: epstopdf-base 2020-01-24 v2.11 Base part for package epstopdf
Package epstopdf-base Info: Redefining graphics rule for `.eps' on input line 4
85.
(/usr/share/texlive/texmf-dist/tex/latex/latexconfig/epstopdf-sys.cfg
File: epstopdf-sys.cfg 2010/07/13 v1.3 Configuration of (r)epstopdf for TeX Liv
e
))
\AtBeginShipoutBox=\box56
Package hyperref Info: Link coloring OFF on input line 77.
(/usr/share/texlive/texmf-dist/tex/latex/hyperref/nameref.sty
Package: nameref 2019/09/16 v2.46 Cross-referencing by name of section
(/usr/share/texlive/texmf-dist/tex/latex/refcount/refcount.sty
Package: refcount 2019/12/15 v3.6 Data extraction from label references (HO)
) (/usr/share/texlive/texmf-dist/tex/generic/gettitlestring/gettitlestring.sty
Package: gettitlestring 2019/12/15 v1.6 Cleanup title references (HO)
)
\c@section@level=\count290
)
LaTeX Info: Redefining \ref on input line 77.
LaTeX Info: Redefining \pageref on input line 77.
LaTeX Info: Redefining \nameref on input line 77.
*geometry* driver: auto-detecting
*geometry* detected driver: pdftex
*geometry* verbose mode - [ preamble ] result:
* driver: pdftex
* paper: <default>
* layout: <same size as paper>
* layoutoffset:(h,v)=(0.0pt,0.0pt)
* modes: 
* h-part:(L,W,R)=(72.26999pt, 469.75502pt, 72.26999pt)
* v-part:(T,H,B)=(72.26999pt, 650.43001pt, 72.26999pt)
* \paperwidth=614.295pt
* \paperheight=794.96999pt
* \textwidth=469.75502pt
* \textheight=650.43001pt
* \oddsidemargin=0.0pt
* \evensidemargin=0.0pt
* \topmargin=-37.0pt
* \headheight=12.0pt
* \headsep=25.0pt
* \topskip=10.0pt
* \footskip=30.0pt
* \marginparwidth=65.0pt
* \marginparsep=11.0pt
* \columnsep=10.0pt
* \skip\footins=9.0pt plus 4.0pt minus 2.0pt
* \hoffset=0.0pt
* \voffset=0.0pt
* \mag=1000
* \@twocolumnfalse
* \@twosidefalse
* \@mparswitchfalse
* \@reversemarginfalse
* (1in=72.27pt=25.4mm, 1cm=28.453pt)

LaTeX Font Info:    Trying to load font information for T1+lmtt on input line 9
5.
(/usr/share/texmf/tex/latex/lm/t1lmtt.fd
File: t1lmtt.fd 2009/10/30 v1.6 Font defs for Latin Modern
)
Overfull \hbox (296.74275pt too wide) in paragraph at lines 102--102
[]\T1/lmtt/m/n/10 ## $ TV        <dbl> 230.1, 44.5, 17.2, 151.5, 180.8, 8.7, 57
.5, 120.2, 8.6, 199.8, 66.1, 214.7, 23.8, 97.5, 204.1, 195.4, 67.8, 281.4, 69.2
, 1...[] 
 []


Overfull \hbox (296.74275pt too wide) in paragraph at lines 102--102
[]\T1/lmtt/m/n/10 ## $ radio     <dbl> 37.8, 39.3, 45.9, 41.3, 10.8, 48.9, 32.8
, 19.6, 2.1, 2.6, 5.8, 24.0, 35.1, 7.6, 32.9, 47.7, 36.6, 39.6, 20.5, 23.9, 27.
7, ...[] 
 []


Overfull \hbox (296.74275pt too wide) in paragraph at lines 102--102
[]\T1/lmtt/m/n/10 ## $ newspaper <dbl> 69.2, 45.1, 69.3, 58.5, 58.4, 75.0, 23.5
, 11.6, 1.0, 21.2, 24.2, 4.0, 65.9, 7.2, 46.0, 52.9, 114.0, 55.8, 18.3, 19.1, 5
3.4...[] 
 []


Overfull \hbox (296.74275pt too wide) in paragraph at lines 102--102
[]\T1/lmtt/m/n/10 ## $ sales     <dbl> 22.1, 10.4, 9.3, 18.5, 12.9, 7.2, 11.8, 
13.2, 4.8, 10.6, 8.6, 17.4, 9.2, 9.7, 19.0, 22.4, 12.5, 24.4, 11.3, 14.6, 18.0,
 12...[] 
 []

<02-statistical-learning_files/figure-latex/unnamed-chunk-3-1.pdf, id=4, 459.71
75pt x 313.17pt>
File: 02-statistical-learning_files/figure-latex/unnamed-chunk-3-1.pdf Graphic 
file (type pdf)
<use 02-statistical-learning_files/figure-latex/unnamed-chunk-3-1.pdf>
Package pdftex.def Info: 02-statistical-learning_files/figure-latex/unnamed-chu
nk-3-1.pdf  used on input line 104.
(pdftex.def)             Requested size: 459.7304pt x 313.17877pt.
<02-statistical-learning_files/figure-latex/unnamed-chunk-3-2.pdf, id=5, 459.71
75pt x 313.17pt>
File: 02-statistical-learning_files/figure-latex/unnamed-chunk-3-2.pdf Graphic 
file (type pdf)
<use 02-statistical-learning_files/figure-latex/unnamed-chunk-3-2.pdf>
Package pdftex.def Info: 02-statistical-learning_files/figure-latex/unnamed-chu
nk-3-2.pdf  used on input line 105.
(pdftex.def)             Requested size: 459.7304pt x 313.17877pt.
<02-statistical-learning_files/figure-latex/unnamed-chunk-3-3.pdf, id=6, 459.71
75pt x 315.1775pt>
File: 02-statistical-learning_files/figure-latex/unnamed-chunk-3-3.pdf Graphic 
file (type pdf)
<use 02-statistical-learning_files/figure-latex/unnamed-chunk-3-3.pdf>
Package pdftex.def Info: 02-statistical-learning_files/figure-latex/unnamed-chu
nk-3-3.pdf  used on input line 106.
(pdftex.def)             Requested size: 459.74442pt x 315.19595pt.

Underfull \hbox (badness 10000) in paragraph at lines 104--107
[][]
 []


Underfull \hbox (badness 10000) in paragraph at lines 104--107
[]
 []

[1

{/var/lib/texmf/fonts/map/pdftex/updmap/pdftex.map} <./02-statistical-learning_
files/figure-latex/unnamed-chunk-3-1.pdf>]
LaTeX Font Info:    Trying to load font information for OT1+lmr on input line 1
10.
(/usr/share/texmf/tex/latex/lm/ot1lmr.fd
File: ot1lmr.fd 2009/10/30 v1.6 Font defs for Latin Modern
)
LaTeX Font Info:    Trying to load font information for OML+lmm on input line 1
10.
(/usr/share/texmf/tex/latex/lm/omllmm.fd
File: omllmm.fd 2009/10/30 v1.6 Font defs for Latin Modern
)
LaTeX Font Info:    Trying to load font information for OMS+lmsy on input line 
110.
(/usr/share/texmf/tex/latex/lm/omslmsy.fd
File: omslmsy.fd 2009/10/30 v1.6 Font defs for Latin Modern
)
LaTeX Font Info:    Trying to load font information for OMX+lmex on input line 
110.
(/usr/share/texmf/tex/latex/lm/omxlmex.fd
File: omxlmex.fd 2009/10/30 v1.6 Font defs for Latin Modern
)
LaTeX Font Info:    External font `lmex10' loaded for size
(Font)              <10> on input line 110.
LaTeX Font Info:    External font `lmex10' loaded for size
(Font)              <7> on input line 110.
LaTeX Font Info:    External font `lmex10' loaded for size
(Font)              <5> on input line 110.
LaTeX Font Info:    Trying to load font information for U+msa on input line 110
.
(/usr/share/texlive/texmf-dist/tex/latex/amsfonts/umsa.fd
File: umsa.fd 2013/01/14 v3.01 AMS symbols A
) (/usr/share/texlive/texmf-dist/tex/latex/microtype/mt-msa.cfg
File: mt-msa.cfg 2006/02/04 v1.1 microtype config. file: AMS symbols (a) (RS)
)
LaTeX Font Info:    Trying to load font information for U+msb on input line 110
.
(/usr/share/texlive/texmf-dist/tex/latex/amsfonts/umsb.fd
File: umsb.fd 2013/01/14 v3.01 AMS symbols B
) (/usr/share/texlive/texmf-dist/tex/latex/microtype/mt-msb.cfg
File: mt-msb.cfg 2005/06/01 v1.0 microtype config. file: AMS symbols (b) (RS)
) [2 <./02-statistical-learning_files/figure-latex/unnamed-chunk-3-2.pdf> <./02
-statistical-learning_files/figure-latex/unnamed-chunk-3-3.pdf>]
LaTeX Font Info:    Trying to load font information for TS1+lmr on input line 1
27.
(/usr/share/texmf/tex/latex/lm/ts1lmr.fd
File: ts1lmr.fd 2009/10/30 v1.6 Font defs for Latin Modern
)
<02-statistical-learning_files/figure-latex/unnamed-chunk-4-1.pdf, id=55, 464.7
3625pt x 313.17pt>
File: 02-statistical-learning_files/figure-latex/unnamed-chunk-4-1.pdf Graphic 
file (type pdf)
<use 02-statistical-learning_files/figure-latex/unnamed-chunk-4-1.pdf>
Package pdftex.def Info: 02-statistical-learning_files/figure-latex/unnamed-chu
nk-4-1.pdf  used on input line 139.
(pdftex.def)             Requested size: 464.74928pt x 313.17877pt.
[3 <./02-statistical-learning_files/figure-latex/unnamed-chunk-4-1.pdf>]
Underfull \hbox (badness 10000) in paragraph at lines 197--200

 []


Underfull \hbox (badness 10000) in paragraph at lines 201--204

 []

[4]
<02-statistical-learning_files/figure-latex/unnamed-chunk-5-1.pdf, id=89, 436.6
3126pt x 250.9375pt>
File: 02-statistical-learning_files/figure-latex/unnamed-chunk-5-1.pdf Graphic 
file (type pdf)
<use 02-statistical-learning_files/figure-latex/unnamed-chunk-5-1.pdf>
Package pdftex.def Info: 02-statistical-learning_files/figure-latex/unnamed-chu
nk-5-1.pdf  used on input line 305.
(pdftex.def)             Requested size: 436.63019pt x 250.93687pt.
[5 <./02-statistical-learning_files/figure-latex/unnamed-chunk-5-1.pdf>]
<02-statistical-learning_files/figure-latex/unnamed-chunk-6-1.pdf, id=110, 453.
695pt x 315.1775pt>
File: 02-statistical-learning_files/figure-latex/unnamed-chunk-6-1.pdf Graphic 
file (type pdf)
<use 02-statistical-learning_files/figure-latex/unnamed-chunk-6-1.pdf>
Package pdftex.def Info: 02-statistical-learning_files/figure-latex/unnamed-chu
nk-6-1.pdf  used on input line 360.
(pdftex.def)             Requested size: 453.6939pt x 315.17673pt.
[6 <./02-statistical-learning_files/figure-latex/unnamed-chunk-6-1.pdf>]

LaTeX Warning: Command \textellipsis invalid in math mode on input line 419.


LaTeX Warning: Command \textellipsis invalid in math mode on input line 420.

[7]
<02-statistical-learning_files/figure-latex/unnamed-chunk-12-1.pdf, id=142, 434
.62375pt x 248.93pt>
File: 02-statistical-learning_files/figure-latex/unnamed-chunk-12-1.pdf Graphic
 file (type pdf)
<use 02-statistical-learning_files/figure-latex/unnamed-chunk-12-1.pdf>
Package pdftex.def Info: 02-statistical-learning_files/figure-latex/unnamed-chu
nk-12-1.pdf  used on input line 565.
(pdftex.def)             Requested size: 434.6293pt x 248.93317pt.

Underfull \hbox (badness 4416) in paragraph at lines 562--567
[] \T1/lmr/m/n/10 (+20) Other
 []

[8]
<02-statistical-learning_files/figure-latex/unnamed-chunk-13-1.pdf, id=155, 407
.5225pt x 219.82124pt>
File: 02-statistical-learning_files/figure-latex/unnamed-chunk-13-1.pdf Graphic
 file (type pdf)
<use 02-statistical-learning_files/figure-latex/unnamed-chunk-13-1.pdf>
Package pdftex.def Info: 02-statistical-learning_files/figure-latex/unnamed-chu
nk-13-1.pdf  used on input line 588.
(pdftex.def)             Requested size: 407.53394pt x 219.8274pt.
[9 <./02-statistical-learning_files/figure-latex/unnamed-chunk-12-1.pdf> <./02-
statistical-learning_files/figure-latex/unnamed-chunk-13-1.pdf>]
Overfull \hbox (60.49344pt too wide) in paragraph at lines 632--632
[]\T1/lmtt/m/n/10 ##     V1        V2           V3         V4     V5           
V6   V7     V8                        V9[] 
 []


Overfull \hbox (60.49344pt too wide) in paragraph at lines 632--632
[]\T1/lmtt/m/n/10 ## 1  mpg cylinders displacement horsepower weight accelerati
on year origin                      name[] 
 []


Overfull \hbox (60.49344pt too wide) in paragraph at lines 632--632
[]\T1/lmtt/m/n/10 ## 2 18.0         8        307.0      130.0  3504.         12
.0   70      1 chevrolet chevelle malibu[] 
 []


Overfull \hbox (60.49344pt too wide) in paragraph at lines 632--632
[]\T1/lmtt/m/n/10 ## 3 15.0         8        350.0      165.0  3693.         11
.5   70      1         buick skylark 320[] 
 []


Overfull \hbox (60.49344pt too wide) in paragraph at lines 632--632
[]\T1/lmtt/m/n/10 ## 4 18.0         8        318.0      150.0  3436.         11
.0   70      1        plymouth satellite[] 
 []


Overfull \hbox (60.49344pt too wide) in paragraph at lines 632--632
[]\T1/lmtt/m/n/10 ## 5 16.0         8        304.0      150.0  3433.         12
.0   70      1             amc rebel sst[] 
 []


Overfull \hbox (60.49344pt too wide) in paragraph at lines 632--632
[]\T1/lmtt/m/n/10 ## 6 17.0         8        302.0      140.0  3449.         10
.5   70      1               ford torino[] 
 []

<02-statistical-learning_files/figure-latex/unnamed-chunk-19-1.pdf, id=176, 434
.62375pt x 248.93pt>
File: 02-statistical-learning_files/figure-latex/unnamed-chunk-19-1.pdf Graphic
 file (type pdf)
<use 02-statistical-learning_files/figure-latex/unnamed-chunk-19-1.pdf>
Package pdftex.def Info: 02-statistical-learning_files/figure-latex/unnamed-chu
nk-19-1.pdf  used on input line 653.
(pdftex.def)             Requested size: 434.6293pt x 248.93317pt.
[10]
<02-statistical-learning_files/figure-latex/unnamed-chunk-20-1.pdf, id=187, 422
.57875pt x 283.0575pt>
File: 02-statistical-learning_files/figure-latex/unnamed-chunk-20-1.pdf Graphic
 file (type pdf)
<use 02-statistical-learning_files/figure-latex/unnamed-chunk-20-1.pdf>
Package pdftex.def Info: 02-statistical-learning_files/figure-latex/unnamed-chu
nk-20-1.pdf  used on input line 660.
(pdftex.def)             Requested size: 422.5906pt x 283.06543pt.
[11 <./02-statistical-learning_files/figure-latex/unnamed-chunk-19-1.pdf> <./02
-statistical-learning_files/figure-latex/unnamed-chunk-20-1.pdf>] [12]
Underfull \hbox (badness 10000) in paragraph at lines 816--818

 []


Underfull \hbox (badness 10000) in paragraph at lines 818--820

 []


Overfull \hbox (254.74287pt too wide) in paragraph at lines 921--921
[]\T1/lmtt/m/n/10 ##  Private        Apps           Accept          Enroll     
  Top10perc       Top25perc      F.Undergrad     P.Undergrad         Outstate[]
 
 []


Overfull \hbox (265.24284pt too wide) in paragraph at lines 921--921
[]\T1/lmtt/m/n/10 ##  No :212   Min.   :   81   Min.   :   72   Min.   :  35   
Min.   : 1.00   Min.   :  9.0   Min.   :  139   Min.   :    1.0   Min.   : 2340
[] 
 []

[13]
Overfull \hbox (265.24284pt too wide) in paragraph at lines 921--921
[]\T1/lmtt/m/n/10 ##  Yes:565   1st Qu.:  776   1st Qu.:  604   1st Qu.: 242   
1st Qu.:15.00   1st Qu.: 41.0   1st Qu.:  992   1st Qu.:   95.0   1st Qu.: 7320
[] 
 []


Overfull \hbox (265.24284pt too wide) in paragraph at lines 921--921
[]\T1/lmtt/m/n/10 ##            Median : 1558   Median : 1110   Median : 434   
Median :23.00   Median : 54.0   Median : 1707   Median :  353.0   Median : 9990
[] 
 []


Overfull \hbox (265.24284pt too wide) in paragraph at lines 921--921
[]\T1/lmtt/m/n/10 ##            Mean   : 3002   Mean   : 2019   Mean   : 780   
Mean   :27.56   Mean   : 55.8   Mean   : 3700   Mean   :  855.3   Mean   :10441
[] 
 []


Overfull \hbox (265.24284pt too wide) in paragraph at lines 921--921
[]\T1/lmtt/m/n/10 ##            3rd Qu.: 3624   3rd Qu.: 2424   3rd Qu.: 902   
3rd Qu.:35.00   3rd Qu.: 69.0   3rd Qu.: 4005   3rd Qu.:  967.0   3rd Qu.:12925
[] 
 []


Overfull \hbox (265.24284pt too wide) in paragraph at lines 921--921
[]\T1/lmtt/m/n/10 ##            Max.   :48094   Max.   :26330   Max.   :6392   
Max.   :96.00   Max.   :100.0   Max.   :31643   Max.   :21836.0   Max.   :21700
[] 
 []


Overfull \hbox (191.74306pt too wide) in paragraph at lines 921--921
[]\T1/lmtt/m/n/10 ##    Room.Board       Books           Personal         PhD  
          Terminal       S.F.Ratio      perc.alumni        Expend[] 
 []


Overfull \hbox (207.49301pt too wide) in paragraph at lines 921--921
[]\T1/lmtt/m/n/10 ##  Min.   :1780   Min.   :  96.0   Min.   : 250   Min.   :  
8.00   Min.   : 24.0   Min.   : 2.50   Min.   : 0.00   Min.   : 3186[] 
 []


Overfull \hbox (207.49301pt too wide) in paragraph at lines 921--921
[]\T1/lmtt/m/n/10 ##  1st Qu.:3597   1st Qu.: 470.0   1st Qu.: 850   1st Qu.: 6
2.00   1st Qu.: 71.0   1st Qu.:11.50   1st Qu.:13.00   1st Qu.: 6751[] 
 []


Overfull \hbox (207.49301pt too wide) in paragraph at lines 921--921
[]\T1/lmtt/m/n/10 ##  Median :4200   Median : 500.0   Median :1200   Median : 7
5.00   Median : 82.0   Median :13.60   Median :21.00   Median : 8377[] 
 []


Overfull \hbox (207.49301pt too wide) in paragraph at lines 921--921
[]\T1/lmtt/m/n/10 ##  Mean   :4358   Mean   : 549.4   Mean   :1341   Mean   : 7
2.66   Mean   : 79.7   Mean   :14.09   Mean   :22.74   Mean   : 9660[] 
 []


Overfull \hbox (207.49301pt too wide) in paragraph at lines 921--921
[]\T1/lmtt/m/n/10 ##  3rd Qu.:5050   3rd Qu.: 600.0   3rd Qu.:1700   3rd Qu.: 8
5.00   3rd Qu.: 92.0   3rd Qu.:16.50   3rd Qu.:31.00   3rd Qu.:10830[] 
 []


Overfull \hbox (207.49301pt too wide) in paragraph at lines 921--921
[]\T1/lmtt/m/n/10 ##  Max.   :8124   Max.   :2340.0   Max.   :6800   Max.   :10
3.00   Max.   :100.0   Max.   :39.80   Max.   :64.00   Max.   :56233[] 
 []

<02-statistical-learning_files/figure-latex/unnamed-chunk-25-1.pdf, id=257, 419
.5675pt x 275.0275pt>
File: 02-statistical-learning_files/figure-latex/unnamed-chunk-25-1.pdf Graphic
 file (type pdf)
<use 02-statistical-learning_files/figure-latex/unnamed-chunk-25-1.pdf>
Package pdftex.def Info: 02-statistical-learning_files/figure-latex/unnamed-chu
nk-25-1.pdf  used on input line 936.
(pdftex.def)             Requested size: 419.56647pt x 275.02682pt.
<02-statistical-learning_files/figure-latex/unnamed-chunk-26-1.pdf, id=258, 440
.64626pt x 248.93pt>
File: 02-statistical-learning_files/figure-latex/unnamed-chunk-26-1.pdf Graphic
 file (type pdf)
<use 02-statistical-learning_files/figure-latex/unnamed-chunk-26-1.pdf>
Package pdftex.def Info: 02-statistical-learning_files/figure-latex/unnamed-chu
nk-26-1.pdf  used on input line 946.
(pdftex.def)             Requested size: 422.77354pt x 238.83333pt.
[14 <./02-statistical-learning_files/figure-latex/unnamed-chunk-25-1.pdf>]
<02-statistical-learning_files/figure-latex/unnamed-chunk-28-1.pdf, id=275, 440
.64626pt x 248.93pt>
File: 02-statistical-learning_files/figure-latex/unnamed-chunk-28-1.pdf Graphic
 file (type pdf)
<use 02-statistical-learning_files/figure-latex/unnamed-chunk-28-1.pdf>
Package pdftex.def Info: 02-statistical-learning_files/figure-latex/unnamed-chu
nk-28-1.pdf  used on input line 971.
(pdftex.def)             Requested size: 440.65189pt x 248.93317pt.
<02-statistical-learning_files/figure-latex/unnamed-chunk-29-1.pdf, id=276, 459
.7175pt x 293.095pt>
File: 02-statistical-learning_files/figure-latex/unnamed-chunk-29-1.pdf Graphic
 file (type pdf)
<use 02-statistical-learning_files/figure-latex/unnamed-chunk-29-1.pdf>
Package pdftex.def Info: 02-statistical-learning_files/figure-latex/unnamed-chu
nk-29-1.pdf  used on input line 988.
(pdftex.def)             Requested size: 422.77687pt x 269.54332pt.

Underfull \hbox (badness 1024) in paragraph at lines 982--989
\T1/lmr/m/n/10 (+20) a few of the quan-ti-ta-tive vari-ables. You may find the 
com-mand \T1/lmtt/m/n/10 par(mfrow=c(2,2))
 []

[15 <./02-statistical-learning_files/figure-latex/unnamed-chunk-26-1.pdf> <./02
-statistical-learning_files/figure-latex/unnamed-chunk-28-1.pdf>]
<02-statistical-learning_files/figure-latex/unnamed-chunk-30-1.pdf, id=299, 440
.64626pt x 251.94125pt>
File: 02-statistical-learning_files/figure-latex/unnamed-chunk-30-1.pdf Graphic
 file (type pdf)
<use 02-statistical-learning_files/figure-latex/unnamed-chunk-30-1.pdf>
Package pdftex.def Info: 02-statistical-learning_files/figure-latex/unnamed-chu
nk-30-1.pdf  used on input line 998.
(pdftex.def)             Requested size: 422.77354pt x 241.72244pt.
LaTeX Font Info:    Trying to load font information for TS1+lmtt on input line 
1024.
(/usr/share/texmf/tex/latex/lm/ts1lmtt.fd
File: ts1lmtt.fd 2009/10/30 v1.6 Font defs for Latin Modern
) [16 <./02-statistical-learning_files/figure-latex/unnamed-chunk-29-1.pdf> <./
02-statistical-learning_files/figure-latex/unnamed-chunk-30-1.pdf>]
Overfull \hbox (97.24333pt too wide) in paragraph at lines 1024--1024
[]\T1/lmtt/m/n/10 ##  $ name        : Factor w/ 304 levels "amc ambassador brou
gham",..: 49 36 231 14 161 141 54 223 241 2 ...[] 
 []

<02-statistical-learning_files/figure-latex/unnamed-chunk-38-1.pdf, id=324, 419
.5675pt x 275.0275pt>
File: 02-statistical-learning_files/figure-latex/unnamed-chunk-38-1.pdf Graphic
 file (type pdf)
<use 02-statistical-learning_files/figure-latex/unnamed-chunk-38-1.pdf>
Package pdftex.def Info: 02-statistical-learning_files/figure-latex/unnamed-chu
nk-38-1.pdf  used on input line 1104.
(pdftex.def)             Requested size: 419.56647pt x 275.02682pt.
[17]
Overfull \hbox (2.7436pt too wide) in paragraph at lines 1206--1206
[]\T1/lmtt/m/n/10 ##       crim    zn indus chas    nox    rm   age    dis rad 
tax ptratio  black lstat medv[] 
 []


Overfull \hbox (2.7436pt too wide) in paragraph at lines 1206--1206
[]\T1/lmtt/m/n/10 ## 1  0.00632  18.0  2.31    0 0.5380 6.575  65.2 4.0900   1 
296    15.3 396.90  4.98 24.0[] 
 []


Overfull \hbox (2.7436pt too wide) in paragraph at lines 1206--1206
[]\T1/lmtt/m/n/10 ## 2  0.02731   0.0  7.07    0 0.4690 6.421  78.9 4.9671   2 
242    17.8 396.90  9.14 21.6[] 
 []


Overfull \hbox (2.7436pt too wide) in paragraph at lines 1206--1206
[]\T1/lmtt/m/n/10 ## 3  0.02729   0.0  7.07    0 0.4690 7.185  61.1 4.9671   2 
242    17.8 392.83  4.03 34.7[] 
 []


Overfull \hbox (2.7436pt too wide) in paragraph at lines 1206--1206
[]\T1/lmtt/m/n/10 ## 4  0.03237   0.0  2.18    0 0.4580 6.998  45.8 6.0622   3 
222    18.7 394.63  2.94 33.4[] 
 []


Overfull \hbox (2.7436pt too wide) in paragraph at lines 1206--1206
[]\T1/lmtt/m/n/10 ## 5  0.06905   0.0  2.18    0 0.4580 7.147  54.2 6.0622   3 
222    18.7 396.90  5.33 36.2[] 
 []


Overfull \hbox (2.7436pt too wide) in paragraph at lines 1206--1206
[]\T1/lmtt/m/n/10 ## 6  0.02985   0.0  2.18    0 0.4580 6.430  58.7 6.0622   3 
222    18.7 394.12  5.21 28.7[] 
 []


Overfull \hbox (2.7436pt too wide) in paragraph at lines 1206--1206
[]\T1/lmtt/m/n/10 ## 7  0.08829  12.5  7.87    0 0.5240 6.012  66.6 5.5605   5 
311    15.2 395.60 12.43 22.9[] 
 []


Overfull \hbox (2.7436pt too wide) in paragraph at lines 1206--1206
[]\T1/lmtt/m/n/10 ## 8  0.14455  12.5  7.87    0 0.5240 6.172  96.1 5.9505   5 
311    15.2 396.90 19.15 27.1[] 
 []


Overfull \hbox (2.7436pt too wide) in paragraph at lines 1206--1206
[]\T1/lmtt/m/n/10 ## 9  0.21124  12.5  7.87    0 0.5240 5.631 100.0 6.0821   5 
311    15.2 386.63 29.93 16.5[] 
 []


Overfull \hbox (2.7436pt too wide) in paragraph at lines 1206--1206
[]\T1/lmtt/m/n/10 ## 10 0.17004  12.5  7.87    0 0.5240 6.004  85.9 6.5921   5 
311    15.2 386.71 17.10 18.9[] 
 []


Overfull \hbox (2.7436pt too wide) in paragraph at lines 1206--1206
[]\T1/lmtt/m/n/10 ## 11 0.22489  12.5  7.87    0 0.5240 6.377  94.3 6.3467   5 
311    15.2 392.52 20.45 15.0[] 
 []


Overfull \hbox (2.7436pt too wide) in paragraph at lines 1206--1206
[]\T1/lmtt/m/n/10 ## 12 0.11747  12.5  7.87    0 0.5240 6.009  82.9 6.2267   5 
311    15.2 396.90 13.27 18.9[] 
 []


Overfull \hbox (2.7436pt too wide) in paragraph at lines 1206--1206
[]\T1/lmtt/m/n/10 ## 13 0.09378  12.5  7.87    0 0.5240 5.889  39.0 5.4509   5 
311    15.2 390.50 15.71 21.7[] 
 []


Overfull \hbox (2.7436pt too wide) in paragraph at lines 1206--1206
[]\T1/lmtt/m/n/10 ## 14 0.62976   0.0  8.14    0 0.5380 5.949  61.8 4.7075   4 
307    21.0 396.90  8.26 20.4[] 
 []


Overfull \hbox (2.7436pt too wide) in paragraph at lines 1206--1206
[]\T1/lmtt/m/n/10 ## 15 0.63796   0.0  8.14    0 0.5380 6.096  84.5 4.4619   4 
307    21.0 380.02 10.26 18.2[] 
 []


Overfull \hbox (2.7436pt too wide) in paragraph at lines 1206--1206
[]\T1/lmtt/m/n/10 ## 16 0.62739   0.0  8.14    0 0.5380 5.834  56.5 4.4986   4 
307    21.0 395.62  8.47 19.9[] 
 []


Overfull \hbox (2.7436pt too wide) in paragraph at lines 1206--1206
[]\T1/lmtt/m/n/10 ## 17 1.05393   0.0  8.14    0 0.5380 5.935  29.3 4.4986   4 
307    21.0 386.85  6.58 23.1[] 
 []


Overfull \hbox (2.7436pt too wide) in paragraph at lines 1206--1206
[]\T1/lmtt/m/n/10 ## 18 0.78420   0.0  8.14    0 0.5380 5.990  81.7 4.2579   4 
307    21.0 386.75 14.67 17.5[] 
 []


Overfull \hbox (2.7436pt too wide) in paragraph at lines 1206--1206
[]\T1/lmtt/m/n/10 ## 19 0.80271   0.0  8.14    0 0.5380 5.456  36.6 3.7965   4 
307    21.0 288.99 11.69 20.2[] 
 []


Overfull \hbox (2.7436pt too wide) in paragraph at lines 1206--1206
[]\T1/lmtt/m/n/10 ## 20 0.72580   0.0  8.14    0 0.5380 5.727  69.5 3.7965   4 
307    21.0 390.95 11.28 18.2[] 
 []


Overfull \hbox (2.7436pt too wide) in paragraph at lines 1206--1206
[]\T1/lmtt/m/n/10 ## 21 1.25179   0.0  8.14    0 0.5380 5.570  98.1 3.7979   4 
307    21.0 376.57 21.02 13.6[] 
 []

[18 <./02-statistical-learning_files/figure-latex/unnamed-chunk-38-1.pdf>]
Overfull \hbox (2.7436pt too wide) in paragraph at lines 1206--1206
[]\T1/lmtt/m/n/10 ## 22 0.85204   0.0  8.14    0 0.5380 5.965  89.2 4.0123   4 
307    21.0 392.53 13.83 19.6[] 
 []


Overfull \hbox (2.7436pt too wide) in paragraph at lines 1206--1206
[]\T1/lmtt/m/n/10 ## 23 1.23247   0.0  8.14    0 0.5380 6.142  91.7 3.9769   4 
307    21.0 396.90 18.72 15.2[] 
 []


Overfull \hbox (2.7436pt too wide) in paragraph at lines 1206--1206
[]\T1/lmtt/m/n/10 ## 24 0.98843   0.0  8.14    0 0.5380 5.813 100.0 4.0952   4 
307    21.0 394.54 19.88 14.5[] 
 []


Overfull \hbox (2.7436pt too wide) in paragraph at lines 1206--1206
[]\T1/lmtt/m/n/10 ## 25 0.75026   0.0  8.14    0 0.5380 5.924  94.1 4.3996   4 
307    21.0 394.33 16.30 15.6[] 
 []


Overfull \hbox (2.7436pt too wide) in paragraph at lines 1206--1206
[]\T1/lmtt/m/n/10 ## 26 0.84054   0.0  8.14    0 0.5380 5.599  85.7 4.4546   4 
307    21.0 303.42 16.51 13.9[] 
 []


Overfull \hbox (2.7436pt too wide) in paragraph at lines 1206--1206
[]\T1/lmtt/m/n/10 ## 27 0.67191   0.0  8.14    0 0.5380 5.813  90.3 4.6820   4 
307    21.0 376.88 14.81 16.6[] 
 []


Overfull \hbox (2.7436pt too wide) in paragraph at lines 1206--1206
[]\T1/lmtt/m/n/10 ## 28 0.95577   0.0  8.14    0 0.5380 6.047  88.8 4.4534   4 
307    21.0 306.38 17.28 14.8[] 
 []


Overfull \hbox (2.7436pt too wide) in paragraph at lines 1206--1206
[]\T1/lmtt/m/n/10 ## 29 0.77299   0.0  8.14    0 0.5380 6.495  94.4 4.4547   4 
307    21.0 387.94 12.80 18.4[] 
 []


Overfull \hbox (2.7436pt too wide) in paragraph at lines 1206--1206
[]\T1/lmtt/m/n/10 ## 30 1.00245   0.0  8.14    0 0.5380 6.674  87.3 4.2390   4 
307    21.0 380.23 11.98 21.0[] 
 []


Overfull \hbox (2.7436pt too wide) in paragraph at lines 1206--1206
[]\T1/lmtt/m/n/10 ## 31 1.13081   0.0  8.14    0 0.5380 5.713  94.1 4.2330   4 
307    21.0 360.17 22.60 12.7[] 
 []


Overfull \hbox (2.7436pt too wide) in paragraph at lines 1206--1206
[]\T1/lmtt/m/n/10 ## 32 1.35472   0.0  8.14    0 0.5380 6.072 100.0 4.1750   4 
307    21.0 376.73 13.04 14.5[] 
 []


Overfull \hbox (2.7436pt too wide) in paragraph at lines 1206--1206
[]\T1/lmtt/m/n/10 ## 33 1.38799   0.0  8.14    0 0.5380 5.950  82.0 3.9900   4 
307    21.0 232.60 27.71 13.2[] 
 []


Overfull \hbox (2.7436pt too wide) in paragraph at lines 1206--1206
[]\T1/lmtt/m/n/10 ## 34 1.15172   0.0  8.14    0 0.5380 5.701  95.0 3.7872   4 
307    21.0 358.77 18.35 13.1[] 
 []


Overfull \hbox (2.7436pt too wide) in paragraph at lines 1206--1206
[]\T1/lmtt/m/n/10 ## 35 1.61282   0.0  8.14    0 0.5380 6.096  96.9 3.7598   4 
307    21.0 248.31 20.34 13.5[] 
 []


Overfull \hbox (2.7436pt too wide) in paragraph at lines 1206--1206
[]\T1/lmtt/m/n/10 ## 36 0.06417   0.0  5.96    0 0.4990 5.933  68.2 3.3603   5 
279    19.2 396.90  9.68 18.9[] 
 []


Overfull \hbox (2.7436pt too wide) in paragraph at lines 1206--1206
[]\T1/lmtt/m/n/10 ## 37 0.09744   0.0  5.96    0 0.4990 5.841  61.4 3.3779   5 
279    19.2 377.56 11.41 20.0[] 
 []


Overfull \hbox (2.7436pt too wide) in paragraph at lines 1206--1206
[]\T1/lmtt/m/n/10 ## 38 0.08014   0.0  5.96    0 0.4990 5.850  41.5 3.9342   5 
279    19.2 396.90  8.77 21.0[] 
 []


Overfull \hbox (2.7436pt too wide) in paragraph at lines 1206--1206
[]\T1/lmtt/m/n/10 ## 39 0.17505   0.0  5.96    0 0.4990 5.966  30.2 3.8473   5 
279    19.2 393.43 10.13 24.7[] 
 []


Overfull \hbox (2.7436pt too wide) in paragraph at lines 1206--1206
[]\T1/lmtt/m/n/10 ## 40 0.02763  75.0  2.95    0 0.4280 6.595  21.8 5.4011   3 
252    18.3 395.63  4.32 30.8[] 
 []


Overfull \hbox (2.7436pt too wide) in paragraph at lines 1206--1206
[]\T1/lmtt/m/n/10 ## 41 0.03359  75.0  2.95    0 0.4280 7.024  15.8 5.4011   3 
252    18.3 395.62  1.98 34.9[] 
 []


Overfull \hbox (2.7436pt too wide) in paragraph at lines 1206--1206
[]\T1/lmtt/m/n/10 ## 42 0.12744   0.0  6.91    0 0.4480 6.770   2.9 5.7209   3 
233    17.9 385.41  4.84 26.6[] 
 []


Overfull \hbox (2.7436pt too wide) in paragraph at lines 1206--1206
[]\T1/lmtt/m/n/10 ## 43 0.14150   0.0  6.91    0 0.4480 6.169   6.6 5.7209   3 
233    17.9 383.37  5.81 25.3[] 
 []


Overfull \hbox (2.7436pt too wide) in paragraph at lines 1206--1206
[]\T1/lmtt/m/n/10 ## 44 0.15936   0.0  6.91    0 0.4480 6.211   6.5 5.7209   3 
233    17.9 394.46  7.44 24.7[] 
 []


Overfull \hbox (2.7436pt too wide) in paragraph at lines 1206--1206
[]\T1/lmtt/m/n/10 ## 45 0.12269   0.0  6.91    0 0.4480 6.069  40.0 5.7209   3 
233    17.9 389.39  9.55 21.2[] 
 []


Overfull \hbox (2.7436pt too wide) in paragraph at lines 1206--1206
[]\T1/lmtt/m/n/10 ## 46 0.17142   0.0  6.91    0 0.4480 5.682  33.8 5.1004   3 
233    17.9 396.90 10.21 19.3[] 
 []


Overfull \hbox (2.7436pt too wide) in paragraph at lines 1206--1206
[]\T1/lmtt/m/n/10 ## 47 0.18836   0.0  6.91    0 0.4480 5.786  33.3 5.1004   3 
233    17.9 396.90 14.15 20.0[] 
 []


Overfull \hbox (2.7436pt too wide) in paragraph at lines 1206--1206
[]\T1/lmtt/m/n/10 ## 48 0.22927   0.0  6.91    0 0.4480 6.030  85.5 5.6894   3 
233    17.9 392.74 18.80 16.6[] 
 []


Overfull \hbox (2.7436pt too wide) in paragraph at lines 1206--1206
[]\T1/lmtt/m/n/10 ## 49 0.25387   0.0  6.91    0 0.4480 5.399  95.3 5.8700   3 
233    17.9 396.90 30.81 14.4[] 
 []


Overfull \hbox (2.7436pt too wide) in paragraph at lines 1206--1206
[]\T1/lmtt/m/n/10 ## 50 0.21977   0.0  6.91    0 0.4480 5.602  62.0 6.0877   3 
233    17.9 396.90 16.20 19.4[] 
 []


Overfull \hbox (2.7436pt too wide) in paragraph at lines 1206--1206
[]\T1/lmtt/m/n/10 ## 51 0.08873  21.0  5.64    0 0.4390 5.963  45.7 6.8147   4 
243    16.8 395.56 13.45 19.7[] 
 []


Overfull \hbox (2.7436pt too wide) in paragraph at lines 1206--1206
[]\T1/lmtt/m/n/10 ## 52 0.04337  21.0  5.64    0 0.4390 6.115  63.0 6.8147   4 
243    16.8 393.97  9.43 20.5[] 
 []


Overfull \hbox (2.7436pt too wide) in paragraph at lines 1206--1206
[]\T1/lmtt/m/n/10 ## 53 0.05360  21.0  5.64    0 0.4390 6.511  21.1 6.8147   4 
243    16.8 396.90  5.28 25.0[] 
 []


Overfull \hbox (2.7436pt too wide) in paragraph at lines 1206--1206
[]\T1/lmtt/m/n/10 ## 54 0.04981  21.0  5.64    0 0.4390 5.998  21.4 6.8147   4 
243    16.8 396.90  8.43 23.4[] 
 []


Overfull \hbox (2.7436pt too wide) in paragraph at lines 1206--1206
[]\T1/lmtt/m/n/10 ## 55 0.01360  75.0  4.00    0 0.4100 5.888  47.6 7.3197   3 
469    21.1 396.90 14.80 18.9[] 
 []


Overfull \hbox (2.7436pt too wide) in paragraph at lines 1206--1206
[]\T1/lmtt/m/n/10 ## 56 0.01311  90.0  1.22    0 0.4030 7.249  21.9 8.6966   5 
226    17.9 395.93  4.81 35.4[] 
 []


Overfull \hbox (2.7436pt too wide) in paragraph at lines 1206--1206
[]\T1/lmtt/m/n/10 ## 57 0.02055  85.0  0.74    0 0.4100 6.383  35.7 9.1876   2 
313    17.3 396.90  5.77 24.7[] 
 []


Overfull \hbox (2.7436pt too wide) in paragraph at lines 1206--1206
[]\T1/lmtt/m/n/10 ## 58 0.01432 100.0  1.32    0 0.4110 6.816  40.5 8.3248   5 
256    15.1 392.90  3.95 31.6[] 
 []


Overfull \hbox (2.7436pt too wide) in paragraph at lines 1206--1206
[]\T1/lmtt/m/n/10 ## 59 0.15445  25.0  5.13    0 0.4530 6.145  29.2 7.8148   8 
284    19.7 390.68  6.86 23.3[] 
 []


Overfull \hbox (2.7436pt too wide) in paragraph at lines 1206--1206
[]\T1/lmtt/m/n/10 ## 60 0.10328  25.0  5.13    0 0.4530 5.927  47.2 6.9320   8 
284    19.7 396.90  9.22 19.6[] 
 []


Overfull \hbox (2.7436pt too wide) in paragraph at lines 1206--1206
[]\T1/lmtt/m/n/10 ## 61 0.14932  25.0  5.13    0 0.4530 5.741  66.2 7.2254   8 
284    19.7 395.11 13.15 18.7[] 
 []


Overfull \hbox (2.7436pt too wide) in paragraph at lines 1206--1206
[]\T1/lmtt/m/n/10 ## 62 0.17171  25.0  5.13    0 0.4530 5.966  93.4 6.8185   8 
284    19.7 378.08 14.44 16.0[] 
 []


Overfull \hbox (2.7436pt too wide) in paragraph at lines 1206--1206
[]\T1/lmtt/m/n/10 ## 63 0.11027  25.0  5.13    0 0.4530 6.456  67.8 7.2255   8 
284    19.7 396.90  6.73 22.2[] 
 []


Overfull \hbox (2.7436pt too wide) in paragraph at lines 1206--1206
[]\T1/lmtt/m/n/10 ## 64 0.12650  25.0  5.13    0 0.4530 6.762  43.4 7.9809   8 
284    19.7 395.58  9.50 25.0[] 
 []


Overfull \hbox (2.7436pt too wide) in paragraph at lines 1206--1206
[]\T1/lmtt/m/n/10 ## 65 0.01951  17.5  1.38    0 0.4161 7.104  59.5 9.2229   3 
216    18.6 393.24  8.05 33.0[] 
 []


Overfull \hbox (2.7436pt too wide) in paragraph at lines 1206--1206
[]\T1/lmtt/m/n/10 ## 66 0.03584  80.0  3.37    0 0.3980 6.290  17.8 6.6115   4 
337    16.1 396.90  4.67 23.5[] 
 []


Overfull \hbox (2.7436pt too wide) in paragraph at lines 1206--1206
[]\T1/lmtt/m/n/10 ## 67 0.04379  80.0  3.37    0 0.3980 5.787  31.1 6.6115   4 
337    16.1 396.90 10.24 19.4[] 
 []


Overfull \hbox (2.7436pt too wide) in paragraph at lines 1206--1206
[]\T1/lmtt/m/n/10 ## 68 0.05789  12.5  6.07    0 0.4090 5.878  21.4 6.4980   4 
345    18.9 396.21  8.10 22.0[] 
 []


Overfull \hbox (2.7436pt too wide) in paragraph at lines 1206--1206
[]\T1/lmtt/m/n/10 ## 69 0.13554  12.5  6.07    0 0.4090 5.594  36.8 6.4980   4 
345    18.9 396.90 13.09 17.4[] 
 []


Overfull \hbox (2.7436pt too wide) in paragraph at lines 1206--1206
[]\T1/lmtt/m/n/10 ## 70 0.12816  12.5  6.07    0 0.4090 5.885  33.0 6.4980   4 
345    18.9 396.90  8.79 20.9[] 
 []


Overfull \hbox (2.7436pt too wide) in paragraph at lines 1206--1206
[]\T1/lmtt/m/n/10 ## 71 0.08826   0.0 10.81    0 0.4130 6.417   6.6 5.2873   4 
305    19.2 383.73  6.72 24.2[] 
 []

[19]
<02-statistical-learning_files/figure-latex/unnamed-chunk-43-1.pdf, id=354, 442
.65375pt x 268.00125pt>
File: 02-statistical-learning_files/figure-latex/unnamed-chunk-43-1.pdf Graphic
 file (type pdf)
<use 02-statistical-learning_files/figure-latex/unnamed-chunk-43-1.pdf>
Package pdftex.def Info: 02-statistical-learning_files/figure-latex/unnamed-chu
nk-43-1.pdf  used on input line 1237.
(pdftex.def)             Requested size: 442.65265pt x 268.00058pt.
<02-statistical-learning_files/figure-latex/unnamed-chunk-45-1.pdf, id=355, 422
.57875pt x 285.065pt>
File: 02-statistical-learning_files/figure-latex/unnamed-chunk-45-1.pdf Graphic
 file (type pdf)
<use 02-statistical-learning_files/figure-latex/unnamed-chunk-45-1.pdf>
Package pdftex.def Info: 02-statistical-learning_files/figure-latex/unnamed-chu
nk-45-1.pdf  used on input line 1245.
(pdftex.def)             Requested size: 422.57771pt x 285.0643pt.
[20 <./02-statistical-learning_files/figure-latex/unnamed-chunk-43-1.pdf>]
Package atveryend Info: Empty hook `BeforeClearDocument' on input line 1254.
[21 <./02-statistical-learning_files/figure-latex/unnamed-chunk-45-1.pdf>]
Package atveryend Info: Empty hook `AfterLastShipout' on input line 1254.
(./02-statistical-learning.aux)
Package atveryend Info: Executing hook `AtVeryEndDocument' on input line 1254.
Package atveryend Info: Empty hook `AtEndAfterFileList' on input line 1254.
 ) 
Here is how much of TeX's memory you used:
 13606 strings out of 481239
 203333 string characters out of 5920377
 491288 words of memory out of 5000000
 28399 multiletter control sequences out of 15000+600000
 576233 words of font info for 95 fonts, out of 8000000 for 9000
 1141 hyphenation exceptions out of 8191
 41i,6n,42p,927b,493s stack positions out of 5000i,500n,10000p,200000b,80000s
{/usr/share/texmf/fonts/enc/dvips/lm/lm-ts1.enc}{/usr/share/texmf/fonts/enc/d
vips/lm/lm-ec.enc}{/usr/share/texmf/fonts/enc/dvips/lm/lm-mathex.enc}{/usr/shar
e/texmf/fonts/enc/dvips/lm/lm-mathsy.enc}{/usr/share/texmf/fonts/enc/dvips/lm/l
m-rm.enc}{/usr/share/texmf/fonts/enc/dvips/lm/lm-mathit.enc}</usr/share/texmf/f
onts/type1/public/lm/lmbx10.pfb></usr/share/texmf/fonts/type1/public/lm/lmbx12.
pfb></usr/share/texmf/fonts/type1/public/lm/lmbxi10.pfb></usr/share/texmf/fonts
/type1/public/lm/lmex10.pfb></usr/share/texmf/fonts/type1/public/lm/lmmi10.pfb>
</usr/share/texmf/fonts/type1/public/lm/lmmi7.pfb></usr/share/texmf/fonts/type1
/public/lm/lmr10.pfb></usr/share/texmf/fonts/type1/public/lm/lmr7.pfb></usr/sha
re/texmf/fonts/type1/public/lm/lmri10.pfb></usr/share/texmf/fonts/type1/public/
lm/lmsy10.pfb></usr/share/texmf/fonts/type1/public/lm/lmtt10.pfb>
Output written on 02-statistical-learning.pdf (21 pages, 4811281 bytes).
PDF statistics:
 521 PDF objects out of 1000 (max. 8388607)
 428 compressed objects within 5 object streams
 141 named destinations out of 1000 (max. 500000)
 8443 words of extra memory for PDF output out of 10000 (max. 10000000)

