This is pdfTeX, Version 3.14159265-2.6-1.40.20 (TeX Live 2019/Debian) (preloaded format=pdflatex 2021.4.25)  25 MAY 2021 17:25
entering extended mode
 restricted \write18 enabled.
 %&-line parsing enabled.
**islr_notes.tex
(./islr_notes.tex
LaTeX2e <2020-02-02> patch level 2
L3 programming layer <2020-02-14> (/usr/share/texlive/texmf-dist/tex/latex/base
/book.cls
Document Class: book 2019/12/20 v1.4l Standard LaTeX document class
(/usr/share/texlive/texmf-dist/tex/latex/base/bk10.clo
File: bk10.clo 2019/12/20 v1.4l Standard LaTeX file (size option)
)
\c@part=\count167
\c@chapter=\count168
\c@section=\count169
\c@subsection=\count170
\c@subsubsection=\count171
\c@paragraph=\count172
\c@subparagraph=\count173
\c@figure=\count174
\c@table=\count175
\abovecaptionskip=\skip47
\belowcaptionskip=\skip48
\bibindent=\dimen134
) (/usr/share/texmf/tex/latex/lm/lmodern.sty
Package: lmodern 2009/10/30 v1.6 Latin Modern Fonts
LaTeX Font Info:    Overwriting symbol font `operators' in version `normal'
(Font)                  OT1/cmr/m/n --> OT1/lmr/m/n on input line 22.
LaTeX Font Info:    Overwriting symbol font `letters' in version `normal'
(Font)                  OML/cmm/m/it --> OML/lmm/m/it on input line 23.
LaTeX Font Info:    Overwriting symbol font `symbols' in version `normal'
(Font)                  OMS/cmsy/m/n --> OMS/lmsy/m/n on input line 24.
LaTeX Font Info:    Overwriting symbol font `largesymbols' in version `normal'
(Font)                  OMX/cmex/m/n --> OMX/lmex/m/n on input line 25.
LaTeX Font Info:    Overwriting symbol font `operators' in version `bold'
(Font)                  OT1/cmr/bx/n --> OT1/lmr/bx/n on input line 26.
LaTeX Font Info:    Overwriting symbol font `letters' in version `bold'
(Font)                  OML/cmm/b/it --> OML/lmm/b/it on input line 27.
LaTeX Font Info:    Overwriting symbol font `symbols' in version `bold'
(Font)                  OMS/cmsy/b/n --> OMS/lmsy/b/n on input line 28.
LaTeX Font Info:    Overwriting symbol font `largesymbols' in version `bold'
(Font)                  OMX/cmex/m/n --> OMX/lmex/m/n on input line 29.
LaTeX Font Info:    Overwriting math alphabet `\mathbf' in version `normal'
(Font)                  OT1/cmr/bx/n --> OT1/lmr/bx/n on input line 31.
LaTeX Font Info:    Overwriting math alphabet `\mathsf' in version `normal'
(Font)                  OT1/cmss/m/n --> OT1/lmss/m/n on input line 32.
LaTeX Font Info:    Overwriting math alphabet `\mathit' in version `normal'
(Font)                  OT1/cmr/m/it --> OT1/lmr/m/it on input line 33.
LaTeX Font Info:    Overwriting math alphabet `\mathtt' in version `normal'
(Font)                  OT1/cmtt/m/n --> OT1/lmtt/m/n on input line 34.
LaTeX Font Info:    Overwriting math alphabet `\mathbf' in version `bold'
(Font)                  OT1/cmr/bx/n --> OT1/lmr/bx/n on input line 35.
LaTeX Font Info:    Overwriting math alphabet `\mathsf' in version `bold'
(Font)                  OT1/cmss/bx/n --> OT1/lmss/bx/n on input line 36.
LaTeX Font Info:    Overwriting math alphabet `\mathit' in version `bold'
(Font)                  OT1/cmr/bx/it --> OT1/lmr/bx/it on input line 37.
LaTeX Font Info:    Overwriting math alphabet `\mathtt' in version `bold'
(Font)                  OT1/cmtt/m/n --> OT1/lmtt/m/n on input line 38.
) (/usr/share/texlive/texmf-dist/tex/latex/amsfonts/amssymb.sty
Package: amssymb 2013/01/14 v3.01 AMS font symbols
(/usr/share/texlive/texmf-dist/tex/latex/amsfonts/amsfonts.sty
Package: amsfonts 2013/01/14 v3.01 Basic AMSFonts support
\@emptytoks=\toks14
\symAMSa=\mathgroup4
\symAMSb=\mathgroup5
LaTeX Font Info:    Redeclaring math symbol \hbar on input line 98.
LaTeX Font Info:    Overwriting math alphabet `\mathfrak' in version `bold'
(Font)                  U/euf/m/n --> U/euf/b/n on input line 106.
)) (/usr/share/texlive/texmf-dist/tex/latex/amsmath/amsmath.sty
Package: amsmath 2020/01/20 v2.17e AMS math features
\@mathmargin=\skip49
For additional information on amsmath, use the `?' option.
(/usr/share/texlive/texmf-dist/tex/latex/amsmath/amstext.sty
Package: amstext 2000/06/29 v2.01 AMS text
(/usr/share/texlive/texmf-dist/tex/latex/amsmath/amsgen.sty
File: amsgen.sty 1999/11/30 v2.0 generic functions
\@emptytoks=\toks15
\ex@=\dimen135
)) (/usr/share/texlive/texmf-dist/tex/latex/amsmath/amsbsy.sty
Package: amsbsy 1999/11/29 v1.2d Bold Symbols
\pmbraise@=\dimen136
) (/usr/share/texlive/texmf-dist/tex/latex/amsmath/amsopn.sty
Package: amsopn 2016/03/08 v2.02 operator names
)
\inf@bad=\count176
LaTeX Info: Redefining \frac on input line 227.
\uproot@=\count177
\leftroot@=\count178
LaTeX Info: Redefining \overline on input line 389.
\classnum@=\count179
\DOTSCASE@=\count180
LaTeX Info: Redefining \ldots on input line 486.
LaTeX Info: Redefining \dots on input line 489.
LaTeX Info: Redefining \cdots on input line 610.
\Mathstrutbox@=\box45
\strutbox@=\box46
\big@size=\dimen137
LaTeX Font Info:    Redeclaring font encoding OML on input line 733.
LaTeX Font Info:    Redeclaring font encoding OMS on input line 734.
\macc@depth=\count181
\c@MaxMatrixCols=\count182
\dotsspace@=\muskip16
\c@parentequation=\count183
\dspbrk@lvl=\count184
\tag@help=\toks16
\row@=\count185
\column@=\count186
\maxfields@=\count187
\andhelp@=\toks17
\eqnshift@=\dimen138
\alignsep@=\dimen139
\tagshift@=\dimen140
\tagwidth@=\dimen141
\totwidth@=\dimen142
\lineht@=\dimen143
\@envbody=\toks18
\multlinegap=\skip50
\multlinetaggap=\skip51
\mathdisplay@stack=\toks19
LaTeX Info: Redefining \[ on input line 2859.
LaTeX Info: Redefining \] on input line 2860.
) (/usr/share/texlive/texmf-dist/tex/generic/iftex/ifxetex.sty
Package: ifxetex 2019/10/25 v0.7 ifxetex legacy package. Use iftex instead.
(/usr/share/texlive/texmf-dist/tex/generic/iftex/iftex.sty
Package: iftex 2019/11/07 v1.0c TeX engine tests
)) (/usr/share/texlive/texmf-dist/tex/generic/iftex/ifluatex.sty
Package: ifluatex 2019/10/25 v1.5 ifluatex legacy package. Use iftex instead.
) (/usr/share/texlive/texmf-dist/tex/latex/base/fixltx2e.sty
Package: fixltx2e 2016/12/29 v2.1a fixes to LaTeX (obsolete)
Applying: [2015/01/01] Old fixltx2e package on input line 46.

Package fixltx2e Warning: fixltx2e is not required with releases after 2015
(fixltx2e)                All fixes are now in the LaTeX kernel.
(fixltx2e)                See the latexrelease package for details.

Already applied: [0000/00/00] Old fixltx2e package on input line 53.
) (/usr/share/texlive/texmf-dist/tex/latex/base/fontenc.sty
Package: fontenc 2020/02/11 v2.0o Standard LaTeX package
LaTeX Font Info:    Trying to load font information for T1+lmr on input line 11
2.
(/usr/share/texmf/tex/latex/lm/t1lmr.fd
File: t1lmr.fd 2009/10/30 v1.6 Font defs for Latin Modern
)) (/usr/share/texlive/texmf-dist/tex/latex/base/inputenc.sty
Package: inputenc 2018/08/11 v1.3c Input encoding file
\inpenc@prehook=\toks20
\inpenc@posthook=\toks21
) (/usr/share/texlive/texmf-dist/tex/latex/base/textcomp.sty
Package: textcomp 2020/02/02 v2.0n Standard LaTeX package
) (/usr/share/texlive/texmf-dist/tex/latex/upquote/upquote.sty
Package: upquote 2012/04/19 v1.3 upright-quote and grave-accent glyphs in verba
tim
) (/usr/share/texlive/texmf-dist/tex/latex/microtype/microtype.sty
Package: microtype 2019/11/18 v2.7d Micro-typographical refinements (RS)
(/usr/share/texlive/texmf-dist/tex/latex/graphics/keyval.sty
Package: keyval 2014/10/28 v1.15 key=value parser (DPC)
\KV@toks@=\toks22
)
\MT@toks=\toks23
\MT@count=\count188
LaTeX Info: Redefining \textls on input line 790.
\MT@outer@kern=\dimen144
LaTeX Info: Redefining \textmicrotypecontext on input line 1354.
\MT@listname@count=\count189
(/usr/share/texlive/texmf-dist/tex/latex/microtype/microtype-pdftex.def
File: microtype-pdftex.def 2019/11/18 v2.7d Definitions specific to pdftex (RS)

LaTeX Info: Redefining \lsstyle on input line 914.
LaTeX Info: Redefining \lslig on input line 914.
\MT@outer@space=\skip52
)
Package microtype Info: Loading configuration file microtype.cfg.
(/usr/share/texlive/texmf-dist/tex/latex/microtype/microtype.cfg
File: microtype.cfg 2019/11/18 v2.7d microtype main configuration file (RS)
)) (/usr/share/texlive/texmf-dist/tex/latex/parskip/parskip.sty
Package: parskip 2020-01-22 v2.0d non-zero parskip adjustments
(/usr/share/texlive/texmf-dist/tex/latex/kvoptions/kvoptions.sty
Package: kvoptions 2019/11/29 v3.13 Key value format for package options (HO)
(/usr/share/texlive/texmf-dist/tex/generic/ltxcmds/ltxcmds.sty
Package: ltxcmds 2019/12/15 v1.24 LaTeX kernel commands for general use (HO)
) (/usr/share/texlive/texmf-dist/tex/generic/kvsetkeys/kvsetkeys.sty
Package: kvsetkeys 2019/12/15 v1.18 Key value parser (HO)
)) (/usr/share/texlive/texmf-dist/tex/latex/etoolbox/etoolbox.sty
Package: etoolbox 2019/09/21 v2.5h e-TeX tools for LaTeX (JAW)
\etb@tempcnta=\count190
)) (/usr/share/texlive/texmf-dist/tex/latex/hyperref/hyperref.sty
Package: hyperref 2020/01/14 v7.00d Hypertext links for LaTeX
(/usr/share/texlive/texmf-dist/tex/latex/pdftexcmds/pdftexcmds.sty
Package: pdftexcmds 2019/11/24 v0.31 Utility functions of pdfTeX for LuaTeX (HO
)
(/usr/share/texlive/texmf-dist/tex/generic/infwarerr/infwarerr.sty
Package: infwarerr 2019/12/03 v1.5 Providing info/warning/error messages (HO)
)
Package pdftexcmds Info: \pdf@primitive is available.
Package pdftexcmds Info: \pdf@ifprimitive is available.
Package pdftexcmds Info: \pdfdraftmode found.
) (/usr/share/texlive/texmf-dist/tex/generic/kvdefinekeys/kvdefinekeys.sty
Package: kvdefinekeys 2019-12-19 v1.6 Define keys (HO)
) (/usr/share/texlive/texmf-dist/tex/generic/pdfescape/pdfescape.sty
Package: pdfescape 2019/12/09 v1.15 Implements pdfTeX's escape features (HO)
) (/usr/share/texlive/texmf-dist/tex/latex/hycolor/hycolor.sty
Package: hycolor 2020-01-27 v1.10 Color options for hyperref/bookmark (HO)
) (/usr/share/texlive/texmf-dist/tex/latex/letltxmacro/letltxmacro.sty
Package: letltxmacro 2019/12/03 v1.6 Let assignment for LaTeX macros (HO)
) (/usr/share/texlive/texmf-dist/tex/latex/auxhook/auxhook.sty
Package: auxhook 2019-12-17 v1.6 Hooks for auxiliary files (HO)
)
\@linkdim=\dimen145
\Hy@linkcounter=\count191
\Hy@pagecounter=\count192
(/usr/share/texlive/texmf-dist/tex/latex/hyperref/pd1enc.def
File: pd1enc.def 2020/01/14 v7.00d Hyperref: PDFDocEncoding definition (HO)
Now handling font encoding PD1 ...
... no UTF-8 mapping file for font encoding PD1
) (/usr/share/texlive/texmf-dist/tex/generic/intcalc/intcalc.sty
Package: intcalc 2019/12/15 v1.3 Expandable calculations with integers (HO)
) (/usr/share/texlive/texmf-dist/tex/generic/etexcmds/etexcmds.sty
Package: etexcmds 2019/12/15 v1.7 Avoid name clashes with e-TeX commands (HO)
)
\Hy@SavedSpaceFactor=\count193
\pdfmajorversion=\count194
Package hyperref Info: Option `unicode' set `true' on input line 4421.
(/usr/share/texlive/texmf-dist/tex/latex/hyperref/puenc.def
File: puenc.def 2020/01/14 v7.00d Hyperref: PDF Unicode definition (HO)
Now handling font encoding PU ...
... no UTF-8 mapping file for font encoding PU
)
Package hyperref Info: Hyper figures OFF on input line 4547.
Package hyperref Info: Link nesting OFF on input line 4552.
Package hyperref Info: Hyper index ON on input line 4555.
Package hyperref Info: Plain pages OFF on input line 4562.
Package hyperref Info: Backreferencing OFF on input line 4567.
Package hyperref Info: Implicit mode ON; LaTeX internals redefined.
Package hyperref Info: Bookmarks ON on input line 4800.
\c@Hy@tempcnt=\count195
(/usr/share/texlive/texmf-dist/tex/latex/url/url.sty
\Urlmuskip=\muskip17
Package: url 2013/09/16  ver 3.4  Verb mode for urls, etc.
)
LaTeX Info: Redefining \url on input line 5159.
\XeTeXLinkMargin=\dimen146
(/usr/share/texlive/texmf-dist/tex/generic/bitset/bitset.sty
Package: bitset 2019/12/09 v1.3 Handle bit-vector datatype (HO)
(/usr/share/texlive/texmf-dist/tex/generic/bigintcalc/bigintcalc.sty
Package: bigintcalc 2019/12/15 v1.5 Expandable calculations on big integers (HO
)
))
\Fld@menulength=\count196
\Field@Width=\dimen147
\Fld@charsize=\dimen148
Package hyperref Info: Hyper figures OFF on input line 6430.
Package hyperref Info: Link nesting OFF on input line 6435.
Package hyperref Info: Hyper index ON on input line 6438.
Package hyperref Info: backreferencing OFF on input line 6445.
Package hyperref Info: Link coloring OFF on input line 6450.
Package hyperref Info: Link coloring with OCG OFF on input line 6455.
Package hyperref Info: PDF/A mode OFF on input line 6460.
LaTeX Info: Redefining \ref on input line 6500.
LaTeX Info: Redefining \pageref on input line 6504.
(/usr/share/texlive/texmf-dist/tex/generic/atbegshi/atbegshi.sty
Package: atbegshi 2019/12/05 v1.19 At begin shipout hook (HO)
)
\Hy@abspage=\count197
\c@Item=\count198
\c@Hfootnote=\count199
)
Package hyperref Info: Driver (autodetected): hpdftex.
(/usr/share/texlive/texmf-dist/tex/latex/hyperref/hpdftex.def
File: hpdftex.def 2020/01/14 v7.00d Hyperref driver for pdfTeX
(/usr/share/texlive/texmf-dist/tex/latex/atveryend/atveryend.sty
Package: atveryend 2019-12-11 v1.11 Hooks at the very end of document (HO)
)
\Fld@listcount=\count266
\c@bookmark@seq@number=\count267
(/usr/share/texlive/texmf-dist/tex/latex/rerunfilecheck/rerunfilecheck.sty
Package: rerunfilecheck 2019/12/05 v1.9 Rerun checks for auxiliary files (HO)
(/usr/share/texlive/texmf-dist/tex/generic/uniquecounter/uniquecounter.sty
Package: uniquecounter 2019/12/15 v1.4 Provide unlimited unique counter (HO)
)
Package uniquecounter Info: New unique counter `rerunfilecheck' on input line 2
86.
)
\Hy@SectionHShift=\skip53
)
Package hyperref Info: Option `breaklinks' set `true' on input line 35.
(/usr/share/texlive/texmf-dist/tex/latex/graphics/color.sty
Package: color 2019/11/23 v1.2a Standard LaTeX Color (DPC)
(/usr/share/texlive/texmf-dist/tex/latex/graphics-cfg/color.cfg
File: color.cfg 2016/01/02 v1.6 sample color configuration
)
Package color Info: Driver file: pdftex.def on input line 147.
(/usr/share/texlive/texmf-dist/tex/latex/graphics-def/pdftex.def
File: pdftex.def 2018/01/08 v1.0l Graphics/color driver for pdftex
)) (/usr/share/texlive/texmf-dist/tex/latex/fancyvrb/fancyvrb.sty
Package: fancyvrb 2020/01/13 v3.5 verbatim text (tvz,hv)
\FV@CodeLineNo=\count268
\FV@InFile=\read2
\FV@TabBox=\box47
\c@FancyVerbLine=\count269
\FV@StepNumber=\count270
\FV@OutFile=\write3
) (/usr/share/texlive/texmf-dist/tex/latex/framed/framed.sty
Package: framed 2011/10/22 v 0.96: framed or shaded text with page breaks
\OuterFrameSep=\skip54
\fb@frw=\dimen149
\fb@frh=\dimen150
\FrameRule=\dimen151
\FrameSep=\dimen152
) (/usr/share/texlive/texmf-dist/tex/latex/tools/longtable.sty
Package: longtable 2020/01/07 v4.13 Multi-page Table package (DPC)
\LTleft=\skip55
\LTright=\skip56
\LTpre=\skip57
\LTpost=\skip58
\LTchunksize=\count271
\LTcapwidth=\dimen153
\LT@head=\box48
\LT@firsthead=\box49
\LT@foot=\box50
\LT@lastfoot=\box51
\LT@cols=\count272
\LT@rows=\count273
\c@LT@tables=\count274
\c@LT@chunks=\count275
\LT@p@ftn=\toks24
) (/usr/share/texlive/texmf-dist/tex/latex/booktabs/booktabs.sty
Package: booktabs 2020/01/12 v1.61803398 Publication quality tables
\heavyrulewidth=\dimen154
\lightrulewidth=\dimen155
\cmidrulewidth=\dimen156
\belowrulesep=\dimen157
\belowbottomsep=\dimen158
\aboverulesep=\dimen159
\abovetopsep=\dimen160
\cmidrulesep=\dimen161
\cmidrulekern=\dimen162
\defaultaddspace=\dimen163
\@cmidla=\count276
\@cmidlb=\count277
\@aboverulesep=\dimen164
\@belowrulesep=\dimen165
\@thisruleclass=\count278
\@lastruleclass=\count279
\@thisrulewidth=\dimen166
) (/usr/share/texlive/texmf-dist/tex/latex/mdwtools/footnote.sty
Package: footnote 1997/01/28 1.13 Save footnotes around boxes
\fn@notes=\box52
\fn@width=\dimen167
) (/usr/share/texlive/texmf-dist/tex/latex/graphics/graphicx.sty
Package: graphicx 2019/11/30 v1.2a Enhanced LaTeX Graphics (DPC,SPQR)
(/usr/share/texlive/texmf-dist/tex/latex/graphics/graphics.sty
Package: graphics 2019/11/30 v1.4a Standard LaTeX Graphics (DPC,SPQR)
(/usr/share/texlive/texmf-dist/tex/latex/graphics/trig.sty
Package: trig 2016/01/03 v1.10 sin cos tan (DPC)
) (/usr/share/texlive/texmf-dist/tex/latex/graphics-cfg/graphics.cfg
File: graphics.cfg 2016/06/04 v1.11 sample graphics configuration
)
Package graphics Info: Driver file: pdftex.def on input line 105.
)
\Gin@req@height=\dimen168
\Gin@req@width=\dimen169
) (/usr/share/texlive/texmf-dist/tex/latex/grffile/grffile.sty
Package: grffile 2019/11/11 v2.1 Extended file name support for graphics (legac
y)
Package grffile Info: This package is an empty stub for compatibility on input 
line 40.
) (/usr/share/texlive/texmf-dist/tex/latex/geometry/geometry.sty
Package: geometry 2020/01/02 v5.9 Page Geometry
(/usr/share/texlive/texmf-dist/tex/generic/iftex/ifvtex.sty
Package: ifvtex 2019/10/25 v1.7 ifvtex legacy package. Use iftex instead.
)
\Gm@cnth=\count280
\Gm@cntv=\count281
\c@Gm@tempcnt=\count282
\Gm@bindingoffset=\dimen170
\Gm@wd@mp=\dimen171
\Gm@odd@mp=\dimen172
\Gm@even@mp=\dimen173
\Gm@layoutwidth=\dimen174
\Gm@layoutheight=\dimen175
\Gm@layouthoffset=\dimen176
\Gm@layoutvoffset=\dimen177
\Gm@dimlist=\toks25
) (/usr/share/texlive/texmf-dist/tex/latex/l3backend/l3backend-pdfmode.def
File: l3backend-pdfmode.def 2020-02-03 L3 backend support: PDF mode
\l__kernel_color_stack_int=\count283
\l__pdf_internal_box=\box53
) (./islr_notes.aux)
\openout1 = `islr_notes.aux'.

LaTeX Font Info:    Checking defaults for OML/cmm/m/it on input line 116.
LaTeX Font Info:    ... okay on input line 116.
LaTeX Font Info:    Checking defaults for OMS/cmsy/m/n on input line 116.
LaTeX Font Info:    ... okay on input line 116.
LaTeX Font Info:    Checking defaults for OT1/cmr/m/n on input line 116.
LaTeX Font Info:    ... okay on input line 116.
LaTeX Font Info:    Checking defaults for T1/cmr/m/n on input line 116.
LaTeX Font Info:    ... okay on input line 116.
LaTeX Font Info:    Checking defaults for TS1/cmr/m/n on input line 116.
LaTeX Font Info:    ... okay on input line 116.
LaTeX Font Info:    Checking defaults for OMX/cmex/m/n on input line 116.
LaTeX Font Info:    ... okay on input line 116.
LaTeX Font Info:    Checking defaults for U/cmr/m/n on input line 116.
LaTeX Font Info:    ... okay on input line 116.
LaTeX Font Info:    Checking defaults for PD1/pdf/m/n on input line 116.
LaTeX Font Info:    ... okay on input line 116.
LaTeX Font Info:    Checking defaults for PU/pdf/m/n on input line 116.
LaTeX Font Info:    ... okay on input line 116.
LaTeX Font Info:    Trying to load font information for T1+lmss on input line 1
16.
(/usr/share/texmf/tex/latex/lm/t1lmss.fd
File: t1lmss.fd 2009/10/30 v1.6 Font defs for Latin Modern
)
LaTeX Info: Redefining \microtypecontext on input line 116.
Package microtype Info: Generating PDF output.
Package microtype Info: Character protrusion enabled (level 2).
Package microtype Info: Using protrusion set `basicmath'.
Package microtype Info: Automatic font expansion enabled (level 2),
(microtype)             stretch: 20, shrink: 20, step: 1, non-selected.
Package microtype Info: Using default expansion set `basictext'.
LaTeX Info: Redefining \showhyphens on input line 116.
Package microtype Info: No adjustment of tracking.
Package microtype Info: No adjustment of interword spacing.
Package microtype Info: No adjustment of character kerning.
Package microtype Info: Loading generic protrusion settings for font family
(microtype)             `lmss' (encoding: T1).
(microtype)             For optimal results, create family-specific settings.
(microtype)             See the microtype manual for details.
\AtBeginShipoutBox=\box54
Package hyperref Info: Link coloring OFF on input line 116.
(/usr/share/texlive/texmf-dist/tex/latex/hyperref/nameref.sty
Package: nameref 2019/09/16 v2.46 Cross-referencing by name of section
(/usr/share/texlive/texmf-dist/tex/latex/refcount/refcount.sty
Package: refcount 2019/12/15 v3.6 Data extraction from label references (HO)
) (/usr/share/texlive/texmf-dist/tex/generic/gettitlestring/gettitlestring.sty
Package: gettitlestring 2019/12/15 v1.6 Cleanup title references (HO)
)
\c@section@level=\count284
)
LaTeX Info: Redefining \ref on input line 116.
LaTeX Info: Redefining \pageref on input line 116.
LaTeX Info: Redefining \nameref on input line 116.
(./islr_notes.out) (./islr_notes.out)
\@outlinefile=\write4
\openout4 = `islr_notes.out'.

(/usr/share/texlive/texmf-dist/tex/context/base/mkii/supp-pdf.mkii
[Loading MPS to PDF converter (version 2006.09.02).]
\scratchcounter=\count285
\scratchdimen=\dimen178
\scratchbox=\box55
\nofMPsegments=\count286
\nofMParguments=\count287
\everyMPshowfont=\toks26
\MPscratchCnt=\count288
\MPscratchDim=\dimen179
\MPnumerator=\count289
\makeMPintoPDFobject=\count290
\everyMPtoPDFconversion=\toks27
) (/usr/share/texlive/texmf-dist/tex/latex/epstopdf-pkg/epstopdf-base.sty
Package: epstopdf-base 2020-01-24 v2.11 Base part for package epstopdf
Package epstopdf-base Info: Redefining graphics rule for `.eps' on input line 4
85.
(/usr/share/texlive/texmf-dist/tex/latex/latexconfig/epstopdf-sys.cfg
File: epstopdf-sys.cfg 2010/07/13 v1.3 Configuration of (r)epstopdf for TeX Liv
e
))
*geometry* driver: auto-detecting
*geometry* detected driver: pdftex
*geometry* verbose mode - [ preamble ] result:
* driver: pdftex
* paper: <default>
* layout: <same size as paper>
* layoutoffset:(h,v)=(0.0pt,0.0pt)
* modes: twoside 
* h-part:(L,W,R)=(72.26999pt, 469.75502pt, 72.26999pt)
* v-part:(T,H,B)=(72.26999pt, 650.43001pt, 72.26999pt)
* \paperwidth=614.295pt
* \paperheight=794.96999pt
* \textwidth=469.75502pt
* \textheight=650.43001pt
* \oddsidemargin=0.0pt
* \evensidemargin=0.0pt
* \topmargin=-30.06749pt
* \headheight=12.0pt
* \headsep=18.06749pt
* \topskip=10.0pt
* \footskip=25.29494pt
* \marginparwidth=125.0pt
* \marginparsep=7.0pt
* \columnsep=10.0pt
* \skip\footins=9.0pt plus 4.0pt minus 2.0pt
* \hoffset=0.0pt
* \voffset=0.0pt
* \mag=1000
* \@twocolumnfalse
* \@twosidetrue
* \@mparswitchtrue
* \@reversemarginfalse
* (1in=72.27pt=25.4mm, 1cm=28.453pt)

LaTeX Font Info:    Trying to load font information for OT1+lmr on input line 1
18.
(/usr/share/texmf/tex/latex/lm/ot1lmr.fd
File: ot1lmr.fd 2009/10/30 v1.6 Font defs for Latin Modern
) (/usr/share/texlive/texmf-dist/tex/latex/microtype/mt-cmr.cfg
File: mt-cmr.cfg 2013/05/19 v2.2 microtype config. file: Computer Modern Roman 
(RS)
)
LaTeX Font Info:    Trying to load font information for OML+lmm on input line 1
18.
(/usr/share/texmf/tex/latex/lm/omllmm.fd
File: omllmm.fd 2009/10/30 v1.6 Font defs for Latin Modern
)
LaTeX Font Info:    Trying to load font information for OMS+lmsy on input line 
118.
(/usr/share/texmf/tex/latex/lm/omslmsy.fd
File: omslmsy.fd 2009/10/30 v1.6 Font defs for Latin Modern
)
LaTeX Font Info:    Trying to load font information for OMX+lmex on input line 
118.
(/usr/share/texmf/tex/latex/lm/omxlmex.fd
File: omxlmex.fd 2009/10/30 v1.6 Font defs for Latin Modern
)
LaTeX Font Info:    External font `lmex10' loaded for size
(Font)              <12> on input line 118.
LaTeX Font Info:    External font `lmex10' loaded for size
(Font)              <8> on input line 118.
LaTeX Font Info:    External font `lmex10' loaded for size
(Font)              <6> on input line 118.
LaTeX Font Info:    Trying to load font information for U+msa on input line 118
.
(/usr/share/texlive/texmf-dist/tex/latex/amsfonts/umsa.fd
File: umsa.fd 2013/01/14 v3.01 AMS symbols A
) (/usr/share/texlive/texmf-dist/tex/latex/microtype/mt-msa.cfg
File: mt-msa.cfg 2006/02/04 v1.1 microtype config. file: AMS symbols (a) (RS)
)
LaTeX Font Info:    Trying to load font information for U+msb on input line 118
.
(/usr/share/texlive/texmf-dist/tex/latex/amsfonts/umsb.fd
File: umsb.fd 2013/01/14 v3.01 AMS symbols B
) (/usr/share/texlive/texmf-dist/tex/latex/microtype/mt-msb.cfg
File: mt-msb.cfg 2005/06/01 v1.0 microtype config. file: AMS symbols (b) (RS)
) [1


{/var/lib/texmf/fonts/map/pdftex/updmap/pdftex.map}] [2

] (./islr_notes.toc
LaTeX Font Info:    External font `lmex10' loaded for size
(Font)              <10> on input line 3.
LaTeX Font Info:    External font `lmex10' loaded for size
(Font)              <7> on input line 3.
LaTeX Font Info:    External font `lmex10' loaded for size
(Font)              <5> on input line 3.
)
\tf@toc=\write5
\openout5 = `islr_notes.toc'.

[3] [4

]
LaTeX Font Info:    Font shape `T1/lmss/m/it' in size <10> not available
(Font)              Font shape `T1/lmss/m/sl' tried instead on input line 127.
[5] [6

]
Chapter 1.
LaTeX Font Info:    Trying to load font information for TS1+lmss on input line 
147.
(/usr/share/texmf/tex/latex/lm/ts1lmss.fd
File: ts1lmss.fd 2009/10/30 v1.6 Font defs for Latin Modern
)
LaTeX Font Info:    Trying to load font information for T1+lmtt on input line 1
76.
(/usr/share/texmf/tex/latex/lm/t1lmtt.fd
File: t1lmtt.fd 2009/10/30 v1.6 Font defs for Latin Modern
)
LaTeX Font Info:    Font shape `T1/lmtt/bx/n' in size <10> not available
(Font)              Font shape `T1/lmtt/b/n' tried instead on input line 177.
<islr_notes_files/figure-latex/unnamed-chunk-3-1.pdf, id=140, 457.71pt x 315.17
75pt>
File: islr_notes_files/figure-latex/unnamed-chunk-3-1.pdf Graphic file (type pd
f)
<use islr_notes_files/figure-latex/unnamed-chunk-3-1.pdf>
Package pdftex.def Info: islr_notes_files/figure-latex/unnamed-chunk-3-1.pdf  u
sed on input line 197.
(pdftex.def)             Requested size: 457.72984pt x 315.19115pt.
<islr_notes_files/figure-latex/unnamed-chunk-3-2.pdf, id=141, 457.71pt x 315.17
75pt>
File: islr_notes_files/figure-latex/unnamed-chunk-3-2.pdf Graphic file (type pd
f)
<use islr_notes_files/figure-latex/unnamed-chunk-3-2.pdf>
Package pdftex.def Info: islr_notes_files/figure-latex/unnamed-chunk-3-2.pdf  u
sed on input line 197.
(pdftex.def)             Requested size: 457.72984pt x 315.19115pt.
<islr_notes_files/figure-latex/unnamed-chunk-3-3.pdf, id=142, 451.6875pt x 313.
17pt>
File: islr_notes_files/figure-latex/unnamed-chunk-3-3.pdf Graphic file (type pd
f)
<use islr_notes_files/figure-latex/unnamed-chunk-3-3.pdf>
Package pdftex.def Info: islr_notes_files/figure-latex/unnamed-chunk-3-3.pdf  u
sed on input line 197.
(pdftex.def)             Requested size: 451.70016pt x 313.17877pt.

Underfull \hbox (badness 10000) in paragraph at lines 197--198
[][]
 []


Underfull \hbox (badness 10000) in paragraph at lines 197--198
[]
 []


Underfull \vbox (badness 1577) has occurred while \output is active []

[7]
Underfull \vbox (badness 10000) has occurred while \output is active []

[8 <./islr_notes_files/figure-latex/unnamed-chunk-3-1.pdf> <./islr_notes_files/
figure-latex/unnamed-chunk-3-2.pdf>]
<islr_notes_files/figure-latex/unnamed-chunk-5-1.pdf, id=182, 457.71pt x 316.18
124pt>
File: islr_notes_files/figure-latex/unnamed-chunk-5-1.pdf Graphic file (type pd
f)
<use islr_notes_files/figure-latex/unnamed-chunk-5-1.pdf>
Package pdftex.def Info: islr_notes_files/figure-latex/unnamed-chunk-5-1.pdf  u
sed on input line 228.
(pdftex.def)             Requested size: 457.72984pt x 316.19493pt.

Underfull \vbox (badness 10000) has occurred while \output is active []

[9 <./islr_notes_files/figure-latex/unnamed-chunk-3-3.pdf>] [10 <./islr_notes_f
iles/figure-latex/unnamed-chunk-5-1.pdf>] [11] [12]
Chapter 2.
<islr_notes_files/figure-latex/unnamed-chunk-9-1.pdf, id=228, 459.7175pt x 313.
17pt>
File: islr_notes_files/figure-latex/unnamed-chunk-9-1.pdf Graphic file (type pd
f)
<use islr_notes_files/figure-latex/unnamed-chunk-9-1.pdf>
Package pdftex.def Info: islr_notes_files/figure-latex/unnamed-chunk-9-1.pdf  u
sed on input line 409.
(pdftex.def)             Requested size: 459.7304pt x 313.17877pt.

Underfull \vbox (badness 10000) has occurred while \output is active []

[13

]
<islr_notes_files/figure-latex/unnamed-chunk-9-2.pdf, id=235, 459.7175pt x 313.
17pt>
File: islr_notes_files/figure-latex/unnamed-chunk-9-2.pdf Graphic file (type pd
f)
<use islr_notes_files/figure-latex/unnamed-chunk-9-2.pdf>
Package pdftex.def Info: islr_notes_files/figure-latex/unnamed-chunk-9-2.pdf  u
sed on input line 421.
(pdftex.def)             Requested size: 459.7304pt x 313.17877pt.

Underfull \vbox (badness 10000) has occurred while \output is active []

[14 <./islr_notes_files/figure-latex/unnamed-chunk-9-1.pdf>]
<islr_notes_files/figure-latex/unnamed-chunk-9-3.pdf, id=250, 459.7175pt x 315.
1775pt>
File: islr_notes_files/figure-latex/unnamed-chunk-9-3.pdf Graphic file (type pd
f)
<use islr_notes_files/figure-latex/unnamed-chunk-9-3.pdf>
Package pdftex.def Info: islr_notes_files/figure-latex/unnamed-chunk-9-3.pdf  u
sed on input line 433.
(pdftex.def)             Requested size: 459.74442pt x 315.19595pt.

Underfull \vbox (badness 10000) has occurred while \output is active []

[15 <./islr_notes_files/figure-latex/unnamed-chunk-9-2.pdf>]
<islr_notes_files/figure-latex/unnamed-chunk-10-1.pdf, id=265, 464.73625pt x 31
3.17pt>
File: islr_notes_files/figure-latex/unnamed-chunk-10-1.pdf Graphic file (type p
df)
<use islr_notes_files/figure-latex/unnamed-chunk-10-1.pdf>
Package pdftex.def Info: islr_notes_files/figure-latex/unnamed-chunk-10-1.pdf  
used on input line 467.
(pdftex.def)             Requested size: 464.74928pt x 313.17877pt.

Underfull \vbox (badness 10000) has occurred while \output is active []

[16 <./islr_notes_files/figure-latex/unnamed-chunk-9-3.pdf>] [17 <./islr_notes_
files/figure-latex/unnamed-chunk-10-1.pdf>]
Underfull \hbox (badness 10000) in paragraph at lines 516--518

 []


Underfull \hbox (badness 10000) in paragraph at lines 518--520

 []

[18]
LaTeX Font Info:    Trying to load font information for TS1+lmtt on input line 
602.
(/usr/share/texmf/tex/latex/lm/ts1lmtt.fd
File: ts1lmtt.fd 2009/10/30 v1.6 Font defs for Latin Modern
)
<islr_notes_files/figure-latex/unnamed-chunk-11-1.pdf, id=312, 436.63126pt x 25
0.9375pt>
File: islr_notes_files/figure-latex/unnamed-chunk-11-1.pdf Graphic file (type p
df)
<use islr_notes_files/figure-latex/unnamed-chunk-11-1.pdf>
Package pdftex.def Info: islr_notes_files/figure-latex/unnamed-chunk-11-1.pdf  
used on input line 621.
(pdftex.def)             Requested size: 436.63019pt x 250.93687pt.
[19 <./islr_notes_files/figure-latex/unnamed-chunk-11-1.pdf>]
<islr_notes_files/figure-latex/unnamed-chunk-12-1.pdf, id=330, 453.695pt x 315.
1775pt>
File: islr_notes_files/figure-latex/unnamed-chunk-12-1.pdf Graphic file (type p
df)
<use islr_notes_files/figure-latex/unnamed-chunk-12-1.pdf>
Package pdftex.def Info: islr_notes_files/figure-latex/unnamed-chunk-12-1.pdf  
used on input line 675.
(pdftex.def)             Requested size: 453.6939pt x 315.17673pt.
[20 <./islr_notes_files/figure-latex/unnamed-chunk-12-1.pdf>]

LaTeX Warning: Command \textellipsis invalid in math mode on input line 724.


LaTeX Warning: Command \textellipsis invalid in math mode on input line 724.

LaTeX Font Info:    Font shape `T1/lmss/bx/it' in size <10> not available
(Font)              Font shape `T1/lmss/bx/sl' tried instead on input line 731.

[21] [22] [23]
<islr_notes_files/figure-latex/unnamed-chunk-18-1.pdf, id=379, 434.62375pt x 24
8.93pt>
File: islr_notes_files/figure-latex/unnamed-chunk-18-1.pdf Graphic file (type p
df)
<use islr_notes_files/figure-latex/unnamed-chunk-18-1.pdf>
Package pdftex.def Info: islr_notes_files/figure-latex/unnamed-chunk-18-1.pdf  
used on input line 891.
(pdftex.def)             Requested size: 434.6293pt x 248.93317pt.

Underfull \hbox (badness 10000) in paragraph at lines 891--893
[][] \T1/lmss/m/n/10 (+20) Other
 []

<islr_notes_files/figure-latex/unnamed-chunk-19-1.pdf, id=380, 407.5225pt x 219
.82124pt>
File: islr_notes_files/figure-latex/unnamed-chunk-19-1.pdf Graphic file (type p
df)
<use islr_notes_files/figure-latex/unnamed-chunk-19-1.pdf>
Package pdftex.def Info: islr_notes_files/figure-latex/unnamed-chunk-19-1.pdf  
used on input line 923.
(pdftex.def)             Requested size: 407.53394pt x 219.8274pt.

Underfull \vbox (badness 10000) has occurred while \output is active []

[24 <./islr_notes_files/figure-latex/unnamed-chunk-18-1.pdf>] [25 <./islr_notes
_files/figure-latex/unnamed-chunk-19-1.pdf>]
<islr_notes_files/figure-latex/unnamed-chunk-25-1.pdf, id=409, 434.62375pt x 24
8.93pt>
File: islr_notes_files/figure-latex/unnamed-chunk-25-1.pdf Graphic file (type p
df)
<use islr_notes_files/figure-latex/unnamed-chunk-25-1.pdf>
Package pdftex.def Info: islr_notes_files/figure-latex/unnamed-chunk-25-1.pdf  
used on input line 1034.
(pdftex.def)             Requested size: 434.6293pt x 248.93317pt.
[26 <./islr_notes_files/figure-latex/unnamed-chunk-25-1.pdf>]
<islr_notes_files/figure-latex/unnamed-chunk-26-1.pdf, id=426, 422.57875pt x 28
3.0575pt>
File: islr_notes_files/figure-latex/unnamed-chunk-26-1.pdf Graphic file (type p
df)
<use islr_notes_files/figure-latex/unnamed-chunk-26-1.pdf>
Package pdftex.def Info: islr_notes_files/figure-latex/unnamed-chunk-26-1.pdf  
used on input line 1047.
(pdftex.def)             Requested size: 422.5906pt x 283.06543pt.
[27 <./islr_notes_files/figure-latex/unnamed-chunk-26-1.pdf>] [28]
Underfull \hbox (badness 10000) in paragraph at lines 1205--1207

 []


Underfull \hbox (badness 10000) in paragraph at lines 1207--1209

 []

[29] [30]
<islr_notes_files/figure-latex/unnamed-chunk-31-1.pdf, id=491, 440.64626pt x 24
8.93pt>
File: islr_notes_files/figure-latex/unnamed-chunk-31-1.pdf Graphic file (type p
df)
<use islr_notes_files/figure-latex/unnamed-chunk-31-1.pdf>
Package pdftex.def Info: islr_notes_files/figure-latex/unnamed-chunk-31-1.pdf  
used on input line 1393.
(pdftex.def)             Requested size: 440.65189pt x 248.93317pt.
<islr_notes_files/figure-latex/unnamed-chunk-33-1.pdf, id=492, 440.64626pt x 24
8.93pt>
File: islr_notes_files/figure-latex/unnamed-chunk-33-1.pdf Graphic file (type p
df)
<use islr_notes_files/figure-latex/unnamed-chunk-33-1.pdf>
Package pdftex.def Info: islr_notes_files/figure-latex/unnamed-chunk-33-1.pdf  
used on input line 1436.
(pdftex.def)             Requested size: 440.65189pt x 248.93317pt.

Underfull \vbox (badness 2103) has occurred while \output is active []

[31 <./islr_notes_files/figure-latex/unnamed-chunk-31-1.pdf>]
<islr_notes_files/figure-latex/unnamed-chunk-34-1.pdf, id=511, 459.7175pt x 293
.095pt>
File: islr_notes_files/figure-latex/unnamed-chunk-34-1.pdf Graphic file (type p
df)
<use islr_notes_files/figure-latex/unnamed-chunk-34-1.pdf>
Package pdftex.def Info: islr_notes_files/figure-latex/unnamed-chunk-34-1.pdf  
used on input line 1461.
(pdftex.def)             Requested size: 459.71637pt x 293.09427pt.

Underfull \vbox (badness 10000) has occurred while \output is active []

[32 <./islr_notes_files/figure-latex/unnamed-chunk-33-1.pdf>]
<islr_notes_files/figure-latex/unnamed-chunk-35-1.pdf, id=525, 440.64626pt x 25
1.94125pt>
File: islr_notes_files/figure-latex/unnamed-chunk-35-1.pdf Graphic file (type p
df)
<use islr_notes_files/figure-latex/unnamed-chunk-35-1.pdf>
Package pdftex.def Info: islr_notes_files/figure-latex/unnamed-chunk-35-1.pdf  
used on input line 1487.
(pdftex.def)             Requested size: 440.64517pt x 251.94063pt.

Underfull \hbox (badness 10000) in paragraph at lines 1487--1489
[][] \T1/lmss/m/n/10 (+20) >
 []

[33 <./islr_notes_files/figure-latex/unnamed-chunk-34-1.pdf> <./islr_notes_file
s/figure-latex/unnamed-chunk-35-1.pdf>]
Overfull \hbox (123.49326pt too wide) in paragraph at lines 1516--1516
[]\T1/lmtt/m/n/10 ##  $ name        : chr  "chevrolet chevelle malibu" "buick s
kylark 320" "plymouth satellite" "amc rebel sst" ...[] 
 []

[34] [35]
Underfull \vbox (badness 10000) has occurred while \output is active []

[36]
Underfull \vbox (badness 10000) has occurred while \output is active []

[37]
Underfull \vbox (badness 10000) has occurred while \output is active []

[38]
Underfull \vbox (badness 10000) has occurred while \output is active []

[39]
Underfull \vbox (badness 10000) has occurred while \output is active []

[40]
Underfull \vbox (badness 10000) has occurred while \output is active []

[41]
Underfull \vbox (badness 10000) has occurred while \output is active []

[42]
Underfull \vbox (badness 10000) has occurred while \output is active []

[43]
Underfull \vbox (badness 10000) has occurred while \output is active []

[44]
Underfull \vbox (badness 10000) has occurred while \output is active []

[45]
Underfull \vbox (badness 10000) has occurred while \output is active []

[46]
Underfull \vbox (badness 10000) has occurred while \output is active []

[47]
Underfull \vbox (badness 10000) has occurred while \output is active []

[48]
Underfull \vbox (badness 10000) has occurred while \output is active []

[49]
Underfull \vbox (badness 10000) has occurred while \output is active []

[50]
Underfull \vbox (badness 10000) has occurred while \output is active []

[51]
Underfull \vbox (badness 10000) has occurred while \output is active []

[52]
Underfull \vbox (badness 10000) has occurred while \output is active []

[53]
<islr_notes_files/figure-latex/unnamed-chunk-48-1.pdf, id=642, 442.65375pt x 26
8.00125pt>
File: islr_notes_files/figure-latex/unnamed-chunk-48-1.pdf Graphic file (type p
df)
<use islr_notes_files/figure-latex/unnamed-chunk-48-1.pdf>
Package pdftex.def Info: islr_notes_files/figure-latex/unnamed-chunk-48-1.pdf  
used on input line 2776.
(pdftex.def)             Requested size: 442.65265pt x 268.00058pt.

Underfull \vbox (badness 10000) has occurred while \output is active []

[54]
<islr_notes_files/figure-latex/unnamed-chunk-50-1.pdf, id=648, 422.57875pt x 28
5.065pt>
File: islr_notes_files/figure-latex/unnamed-chunk-50-1.pdf Graphic file (type p
df)
<use islr_notes_files/figure-latex/unnamed-chunk-50-1.pdf>
Package pdftex.def Info: islr_notes_files/figure-latex/unnamed-chunk-50-1.pdf  
used on input line 2793.
(pdftex.def)             Requested size: 422.57771pt x 285.0643pt.
[55 <./islr_notes_files/figure-latex/unnamed-chunk-48-1.pdf> <./islr_notes_file
s/figure-latex/unnamed-chunk-50-1.pdf>] [56]
Chapter 3.
[57

] [58

]
Chapter 4.
[59] [60

]
Chapter 5.
[61] [62

]
Chapter 6.
[63] [64

]
Chapter 7.
[65] [66

]
Chapter 8.
[67] [68

]
Chapter 9.
[69] [70

]
Chapter 10.
Package atveryend Info: Empty hook `BeforeClearDocument' on input line 2837.
[71]
Package atveryend Info: Empty hook `AfterLastShipout' on input line 2837.
(./islr_notes.aux)
Package atveryend Info: Executing hook `AtVeryEndDocument' on input line 2837.
Package atveryend Info: Executing hook `AtEndAfterFileList' on input line 2837.

Package rerunfilecheck Info: File `islr_notes.out' has not changed.
(rerunfilecheck)             Checksum: 0437DEE2192D3C4679FD449071B70360;3023.
 ) 
Here is how much of TeX's memory you used:
 13558 strings out of 481239
 203347 string characters out of 5920377
 532784 words of memory out of 5000000
 28217 multiletter control sequences out of 15000+600000
 617132 words of font info for 134 fonts, out of 8000000 for 9000
 1141 hyphenation exceptions out of 8191
 34i,9n,42p,818b,467s stack positions out of 5000i,500n,10000p,200000b,80000s
{/usr/share/texmf/fonts/enc/dvips/lm/lm-rm.enc}{/usr/share/texmf/fonts/enc/dv
ips/lm/lm-mathsy.enc}{/usr/share/texmf/fonts/enc/dvips/lm/lm-ec.enc}{/usr/share
/texmf/fonts/enc/dvips/lm/lm-ts1.enc}{/usr/share/texmf/fonts/enc/dvips/lm/lm-ma
thit.enc}{/usr/share/texmf/fonts/enc/dvips/lm/lm-mathex.enc}</usr/share/texmf/f
onts/type1/public/lm/lmex10.pfb></usr/share/texmf/fonts/type1/public/lm/lmmi10.
pfb></usr/share/texmf/fonts/type1/public/lm/lmmi12.pfb></usr/share/texmf/fonts/
type1/public/lm/lmmi7.pfb></usr/share/texmf/fonts/type1/public/lm/lmr10.pfb></u
sr/share/texmf/fonts/type1/public/lm/lmr5.pfb></usr/share/texmf/fonts/type1/pub
lic/lm/lmr7.pfb></usr/share/texmf/fonts/type1/public/lm/lmss10.pfb></usr/share/
texmf/fonts/type1/public/lm/lmss12.pfb></usr/share/texmf/fonts/type1/public/lm/
lmss17.pfb></usr/share/texmf/fonts/type1/public/lm/lmssbo10.pfb></usr/share/tex
mf/fonts/type1/public/lm/lmssbx10.pfb></usr/share/texmf/fonts/type1/public/lm/l
msso10.pfb></usr/share/texmf/fonts/type1/public/lm/lmsy10.pfb></usr/share/texmf
/fonts/type1/public/lm/lmsy7.pfb></usr/share/texmf/fonts/type1/public/lm/lmtk10
.pfb></usr/share/texmf/fonts/type1/public/lm/lmtt10.pfb></usr/share/texmf/fonts
/type1/public/lm/lmtti10.pfb>
Output written on islr_notes.pdf (71 pages, 962598 bytes).
PDF statistics:
 867 PDF objects out of 1000 (max. 8388607)
 708 compressed objects within 8 object streams
 230 named destinations out of 1000 (max. 500000)
 14597 words of extra memory for PDF output out of 17280 (max. 10000000)

